[23-Sep-2015 06:54:36 UTC] PHP Warning:  mysql_fetch_assoc() expects parameter 1 to be resource, null given in /home/ubuntu/workspace/系統分析與設計/HW_01/index.php on line 32
[23-Sep-2015 06:54:36 UTC] PHP Stack trace:
[23-Sep-2015 06:54:36 UTC] PHP   1. {main}() /home/ubuntu/workspace/系統分析與設計/HW_01/index.php:0
[23-Sep-2015 06:54:36 UTC] PHP   2. mysql_fetch_assoc() /home/ubuntu/workspace/系統分析與設計/HW_01/index.php:32
[23-Sep-2015 06:55:10 UTC] PHP Warning:  mysql_fetch_assoc() expects parameter 1 to be resource, null given in /home/ubuntu/workspace/系統分析與設計/HW_01/index.php on line 32
[23-Sep-2015 06:55:10 UTC] PHP Stack trace:
[23-Sep-2015 06:55:10 UTC] PHP   1. {main}() /home/ubuntu/workspace/系統分析與設計/HW_01/index.php:0
[23-Sep-2015 06:55:10 UTC] PHP   2. mysql_fetch_assoc() /home/ubuntu/workspace/系統分析與設計/HW_01/index.php:32
[23-Sep-2015 06:56:03 UTC] PHP Warning:  mysql_fetch_array() expects parameter 1 to be resource, null given in /home/ubuntu/workspace/系統分析與設計/HW_01/index.php on line 32
[23-Sep-2015 06:56:03 UTC] PHP Stack trace:
[23-Sep-2015 06:56:03 UTC] PHP   1. {main}() /home/ubuntu/workspace/系統分析與設計/HW_01/index.php:0
[23-Sep-2015 06:56:03 UTC] PHP   2. mysql_fetch_array() /home/ubuntu/workspace/系統分析與設計/HW_01/index.php:32
[23-Sep-2015 06:56:35 UTC] PHP Warning:  mysql_fetch_array() expects parameter 1 to be resource, null given in /home/ubuntu/workspace/系統分析與設計/HW_01/index.php on line 32
[23-Sep-2015 06:56:35 UTC] PHP Stack trace:
[23-Sep-2015 06:56:35 UTC] PHP   1. {main}() /home/ubuntu/workspace/系統分析與設計/HW_01/index.php:0
[23-Sep-2015 06:56:35 UTC] PHP   2. mysql_fetch_array() /home/ubuntu/workspace/系統分析與設計/HW_01/index.php:32
[23-Sep-2015 06:59:35 UTC] PHP Warning:  mysql_fetch_array() expects parameter 1 to be resource, null given in /home/ubuntu/workspace/系統分析與設計/HW_01/index.php on line 32
[23-Sep-2015 06:59:35 UTC] PHP Stack trace:
[23-Sep-2015 06:59:35 UTC] PHP   1. {main}() /home/ubuntu/workspace/系統分析與設計/HW_01/index.php:0
[23-Sep-2015 06:59:35 UTC] PHP   2. mysql_fetch_array() /home/ubuntu/workspace/系統分析與設計/HW_01/index.php:32
[23-Sep-2015 06:59:37 UTC] PHP Warning:  mysql_fetch_array() expects parameter 1 to be resource, null given in /home/ubuntu/workspace/系統分析與設計/HW_01/index.php on line 32
[23-Sep-2015 06:59:37 UTC] PHP Stack trace:
[23-Sep-2015 06:59:37 UTC] PHP   1. {main}() /home/ubuntu/workspace/系統分析與設計/HW_01/index.php:0
[23-Sep-2015 06:59:37 UTC] PHP   2. mysql_fetch_array() /home/ubuntu/workspace/系統分析與設計/HW_01/index.php:32
[23-Sep-2015 07:00:21 UTC] PHP Warning:  mysql_fetch_array() expects parameter 1 to be resource, null given in /home/ubuntu/workspace/系統分析與設計/HW_01/index.php on line 34
[23-Sep-2015 07:00:21 UTC] PHP Stack trace:
[23-Sep-2015 07:00:21 UTC] PHP   1. {main}() /home/ubuntu/workspace/系統分析與設計/HW_01/index.php:0
[23-Sep-2015 07:00:21 UTC] PHP   2. mysql_fetch_array() /home/ubuntu/workspace/系統分析與設計/HW_01/index.php:34
[23-Sep-2015 07:01:25 UTC] PHP Warning:  mysql_fetch_array() expects parameter 1 to be resource, null given in /home/ubuntu/workspace/系統分析與設計/HW_01/index.php on line 34
[23-Sep-2015 07:01:25 UTC] PHP Stack trace:
[23-Sep-2015 07:01:25 UTC] PHP   1. {main}() /home/ubuntu/workspace/系統分析與設計/HW_01/index.php:0
[23-Sep-2015 07:01:25 UTC] PHP   2. mysql_fetch_array() /home/ubuntu/workspace/系統分析與設計/HW_01/index.php:34
[23-Sep-2015 07:01:33 UTC] PHP Warning:  mysql_fetch_array() expects parameter 1 to be resource, null given in /home/ubuntu/workspace/系統分析與設計/HW_01/index.php on line 34
[23-Sep-2015 07:01:33 UTC] PHP Stack trace:
[23-Sep-2015 07:01:33 UTC] PHP   1. {main}() /home/ubuntu/workspace/系統分析與設計/HW_01/index.php:0
[23-Sep-2015 07:01:33 UTC] PHP   2. mysql_fetch_array() /home/ubuntu/workspace/系統分析與設計/HW_01/index.php:34
[23-Sep-2015 07:03:02 UTC] PHP Warning:  mysql_query() expects parameter 2 to be resource, string given in /home/ubuntu/workspace/系統分析與設計/HW_01/index.php on line 16
[23-Sep-2015 07:03:02 UTC] PHP Stack trace:
[23-Sep-2015 07:03:02 UTC] PHP   1. {main}() /home/ubuntu/workspace/系統分析與設計/HW_01/index.php:0
[23-Sep-2015 07:03:02 UTC] PHP   2. mysql_query() /home/ubuntu/workspace/系統分析與設計/HW_01/index.php:16
[23-Sep-2015 07:03:02 UTC] PHP Warning:  mysql_fetch_array() expects parameter 1 to be resource, null given in /home/ubuntu/workspace/系統分析與設計/HW_01/index.php on line 17
[23-Sep-2015 07:03:02 UTC] PHP Stack trace:
[23-Sep-2015 07:03:02 UTC] PHP   1. {main}() /home/ubuntu/workspace/系統分析與設計/HW_01/index.php:0
[23-Sep-2015 07:03:02 UTC] PHP   2. mysql_fetch_array() /home/ubuntu/workspace/系統分析與設計/HW_01/index.php:17
[23-Sep-2015 07:03:02 UTC] PHP Warning:  mysql_fetch_array() expects parameter 1 to be resource, null given in /home/ubuntu/workspace/系統分析與設計/HW_01/index.php on line 34
[23-Sep-2015 07:03:02 UTC] PHP Stack trace:
[23-Sep-2015 07:03:02 UTC] PHP   1. {main}() /home/ubuntu/workspace/系統分析與設計/HW_01/index.php:0
[23-Sep-2015 07:03:02 UTC] PHP   2. mysql_fetch_array() /home/ubuntu/workspace/系統分析與設計/HW_01/index.php:34
[23-Sep-2015 07:04:17 UTC] PHP Warning:  mysql_fetch_array() expects parameter 1 to be resource, null given in /home/ubuntu/workspace/系統分析與設計/HW_01/index.php on line 34
[23-Sep-2015 07:04:17 UTC] PHP Stack trace:
[23-Sep-2015 07:04:17 UTC] PHP   1. {main}() /home/ubuntu/workspace/系統分析與設計/HW_01/index.php:0
[23-Sep-2015 07:04:17 UTC] PHP   2. mysql_fetch_array() /home/ubuntu/workspace/系統分析與設計/HW_01/index.php:34
[23-Sep-2015 07:05:35 UTC] PHP Warning:  mysql_fetch_array() expects parameter 1 to be resource, null given in /home/ubuntu/workspace/系統分析與設計/HW_01/index.php on line 34
[23-Sep-2015 07:05:35 UTC] PHP Stack trace:
[23-Sep-2015 07:05:35 UTC] PHP   1. {main}() /home/ubuntu/workspace/系統分析與設計/HW_01/index.php:0
[23-Sep-2015 07:05:35 UTC] PHP   2. mysql_fetch_array() /home/ubuntu/workspace/系統分析與設計/HW_01/index.php:34
[23-Sep-2015 07:06:44 UTC] PHP Warning:  mysql_fetch_array() expects parameter 1 to be resource, null given in /home/ubuntu/workspace/系統分析與設計/HW_01/index.php on line 34
[23-Sep-2015 07:06:44 UTC] PHP Stack trace:
[23-Sep-2015 07:06:44 UTC] PHP   1. {main}() /home/ubuntu/workspace/系統分析與設計/HW_01/index.php:0
[23-Sep-2015 07:06:44 UTC] PHP   2. mysql_fetch_array() /home/ubuntu/workspace/系統分析與設計/HW_01/index.php:34
[23-Sep-2015 07:07:40 UTC] PHP Warning:  mysql_fetch_array() expects parameter 1 to be resource, null given in /home/ubuntu/workspace/系統分析與設計/HW_01/index.php on line 34
[23-Sep-2015 07:07:40 UTC] PHP Stack trace:
[23-Sep-2015 07:07:40 UTC] PHP   1. {main}() /home/ubuntu/workspace/系統分析與設計/HW_01/index.php:0
[23-Sep-2015 07:07:40 UTC] PHP   2. mysql_fetch_array() /home/ubuntu/workspace/系統分析與設計/HW_01/index.php:34
[26-Sep-2015 07:16:24 UTC] PHP Warning:  mysql_fetch_array() expects parameter 1 to be resource, boolean given in /home/ubuntu/workspace/系統分析與設計/HW_01/index.php on line 39
[26-Sep-2015 07:16:24 UTC] PHP Stack trace:
[26-Sep-2015 07:16:24 UTC] PHP   1. {main}() /home/ubuntu/workspace/系統分析與設計/HW_01/index.php:0
[26-Sep-2015 07:16:24 UTC] PHP   2. mysql_fetch_array() /home/ubuntu/workspace/系統分析與設計/HW_01/index.php:39
[26-Sep-2015 08:43:37 UTC] PHP Warning:  mysql_fetch_array() expects parameter 1 to be resource, boolean given in /home/ubuntu/workspace/系統分析與設計/HW_01/index.php on line 63
[26-Sep-2015 08:43:37 UTC] PHP Stack trace:
[26-Sep-2015 08:43:37 UTC] PHP   1. {main}() /home/ubuntu/workspace/系統分析與設計/HW_01/index.php:0
[26-Sep-2015 08:43:37 UTC] PHP   2. mysql_fetch_array() /home/ubuntu/workspace/系統分析與設計/HW_01/index.php:63
[26-Sep-2015 08:44:34 UTC] PHP Warning:  mysql_fetch_array() expects parameter 1 to be resource, boolean given in /home/ubuntu/workspace/系統分析與設計/HW_01/index.php on line 63
[26-Sep-2015 08:44:34 UTC] PHP Stack trace:
[26-Sep-2015 08:44:34 UTC] PHP   1. {main}() /home/ubuntu/workspace/系統分析與設計/HW_01/index.php:0
[26-Sep-2015 08:44:34 UTC] PHP   2. mysql_fetch_array() /home/ubuntu/workspace/系統分析與設計/HW_01/index.php:63
[26-Sep-2015 08:46:47 UTC] PHP Warning:  mysql_fetch_array() expects parameter 1 to be resource, boolean given in /home/ubuntu/workspace/系統分析與設計/HW_01/index.php on line 63
[26-Sep-2015 08:46:47 UTC] PHP Stack trace:
[26-Sep-2015 08:46:47 UTC] PHP   1. {main}() /home/ubuntu/workspace/系統分析與設計/HW_01/index.php:0
[26-Sep-2015 08:46:47 UTC] PHP   2. mysql_fetch_array() /home/ubuntu/workspace/系統分析與設計/HW_01/index.php:63
[26-Sep-2015 08:47:00 UTC] PHP Warning:  mysql_fetch_array() expects parameter 1 to be resource, boolean given in /home/ubuntu/workspace/系統分析與設計/HW_01/index.php on line 63
[26-Sep-2015 08:47:00 UTC] PHP Stack trace:
[26-Sep-2015 08:47:00 UTC] PHP   1. {main}() /home/ubuntu/workspace/系統分析與設計/HW_01/index.php:0
[26-Sep-2015 08:47:00 UTC] PHP   2. mysql_fetch_array() /home/ubuntu/workspace/系統分析與設計/HW_01/index.php:63
[26-Sep-2015 08:47:14 UTC] PHP Warning:  mysql_fetch_array() expects parameter 1 to be resource, boolean given in /home/ubuntu/workspace/系統分析與設計/HW_01/index.php on line 63
[26-Sep-2015 08:47:14 UTC] PHP Stack trace:
[26-Sep-2015 08:47:14 UTC] PHP   1. {main}() /home/ubuntu/workspace/系統分析與設計/HW_01/index.php:0
[26-Sep-2015 08:47:14 UTC] PHP   2. mysql_fetch_array() /home/ubuntu/workspace/系統分析與設計/HW_01/index.php:63
[26-Sep-2015 08:47:28 UTC] PHP Warning:  mysql_fetch_array() expects parameter 1 to be resource, boolean given in /home/ubuntu/workspace/系統分析與設計/HW_01/index.php on line 63
[26-Sep-2015 08:47:28 UTC] PHP Stack trace:
[26-Sep-2015 08:47:28 UTC] PHP   1. {main}() /home/ubuntu/workspace/系統分析與設計/HW_01/index.php:0
[26-Sep-2015 08:47:28 UTC] PHP   2. mysql_fetch_array() /home/ubuntu/workspace/系統分析與設計/HW_01/index.php:63
[26-Sep-2015 09:07:40 UTC] PHP Parse error:  syntax error, unexpected '}', expecting ',' or ';' in /home/ubuntu/workspace/系統分析與設計/HW_01/index.php on line 48
[26-Sep-2015 10:29:21 UTC] PHP Warning:  Invalid argument supplied for foreach() in /home/ubuntu/workspace/系統分析與設計/HW_01/index.php on line 105
[26-Sep-2015 10:29:21 UTC] PHP Stack trace:
[26-Sep-2015 10:29:21 UTC] PHP   1. {main}() /home/ubuntu/workspace/系統分析與設計/HW_01/index.php:0
[26-Sep-2015 10:30:31 UTC] PHP Warning:  Invalid argument supplied for foreach() in /home/ubuntu/workspace/系統分析與設計/HW_01/index.php on line 109
[26-Sep-2015 10:30:31 UTC] PHP Stack trace:
[26-Sep-2015 10:30:31 UTC] PHP   1. {main}() /home/ubuntu/workspace/系統分析與設計/HW_01/index.php:0
[26-Sep-2015 15:17:25 UTC] PHP Warning:  Invalid argument supplied for foreach() in /home/ubuntu/workspace/系統分析與設計/HW_01/index.php on line 109
[26-Sep-2015 15:17:25 UTC] PHP Stack trace:
[26-Sep-2015 15:17:25 UTC] PHP   1. {main}() /home/ubuntu/workspace/系統分析與設計/HW_01/index.php:0
[26-Sep-2015 15:17:27 UTC] PHP Warning:  Invalid argument supplied for foreach() in /home/ubuntu/workspace/系統分析與設計/HW_01/index.php on line 109
[26-Sep-2015 15:17:27 UTC] PHP Stack trace:
[26-Sep-2015 15:17:27 UTC] PHP   1. {main}() /home/ubuntu/workspace/系統分析與設計/HW_01/index.php:0
[26-Sep-2015 15:17:29 UTC] PHP Warning:  Invalid argument supplied for foreach() in /home/ubuntu/workspace/系統分析與設計/HW_01/index.php on line 109
[26-Sep-2015 15:17:29 UTC] PHP Stack trace:
[26-Sep-2015 15:17:29 UTC] PHP   1. {main}() /home/ubuntu/workspace/系統分析與設計/HW_01/index.php:0
[26-Sep-2015 15:26:04 UTC] PHP Warning:  Invalid argument supplied for foreach() in /home/ubuntu/workspace/系統分析與設計/HW_01/index.php on line 109
[26-Sep-2015 15:26:04 UTC] PHP Stack trace:
[26-Sep-2015 15:26:04 UTC] PHP   1. {main}() /home/ubuntu/workspace/系統分析與設計/HW_01/index.php:0
[26-Sep-2015 15:26:08 UTC] PHP Warning:  Invalid argument supplied for foreach() in /home/ubuntu/workspace/系統分析與設計/HW_01/index.php on line 109
[26-Sep-2015 15:26:08 UTC] PHP Stack trace:
[26-Sep-2015 15:26:08 UTC] PHP   1. {main}() /home/ubuntu/workspace/系統分析與設計/HW_01/index.php:0
[26-Sep-2015 15:26:19 UTC] PHP Warning:  Invalid argument supplied for foreach() in /home/ubuntu/workspace/系統分析與設計/HW_01/index.php on line 105
[26-Sep-2015 15:26:19 UTC] PHP Stack trace:
[26-Sep-2015 15:26:19 UTC] PHP   1. {main}() /home/ubuntu/workspace/系統分析與設計/HW_01/index.php:0
[26-Sep-2015 15:26:37 UTC] PHP Warning:  Invalid argument supplied for foreach() in /home/ubuntu/workspace/系統分析與設計/HW_01/index.php on line 105
[26-Sep-2015 15:26:37 UTC] PHP Stack trace:
[26-Sep-2015 15:26:37 UTC] PHP   1. {main}() /home/ubuntu/workspace/系統分析與設計/HW_01/index.php:0
[26-Sep-2015 15:27:07 UTC] PHP Parse error:  syntax error, unexpected '}', expecting ',' or ';' in /home/ubuntu/workspace/系統分析與設計/HW_01/index.php on line 107
[26-Sep-2015 15:27:12 UTC] PHP Warning:  Invalid argument supplied for foreach() in /home/ubuntu/workspace/系統分析與設計/HW_01/index.php on line 105
[26-Sep-2015 15:27:12 UTC] PHP Stack trace:
[26-Sep-2015 15:27:12 UTC] PHP   1. {main}() /home/ubuntu/workspace/系統分析與設計/HW_01/index.php:0
[26-Sep-2015 15:29:50 UTC] PHP Warning:  Invalid argument supplied for foreach() in /home/ubuntu/workspace/系統分析與設計/HW_01/index.php on line 105
[26-Sep-2015 15:29:50 UTC] PHP Stack trace:
[26-Sep-2015 15:29:50 UTC] PHP   1. {main}() /home/ubuntu/workspace/系統分析與設計/HW_01/index.php:0
[26-Sep-2015 15:30:05 UTC] PHP Warning:  Invalid argument supplied for foreach() in /home/ubuntu/workspace/系統分析與設計/HW_01/index.php on line 101
[26-Sep-2015 15:30:05 UTC] PHP Stack trace:
[26-Sep-2015 15:30:05 UTC] PHP   1. {main}() /home/ubuntu/workspace/系統分析與設計/HW_01/index.php:0
[26-Sep-2015 15:30:06 UTC] PHP Warning:  Invalid argument supplied for foreach() in /home/ubuntu/workspace/系統分析與設計/HW_01/index.php on line 101
[26-Sep-2015 15:30:06 UTC] PHP Stack trace:
[26-Sep-2015 15:30:06 UTC] PHP   1. {main}() /home/ubuntu/workspace/系統分析與設計/HW_01/index.php:0
[26-Sep-2015 15:44:46 UTC] PHP Warning:  session_start(): Cannot send session cache limiter - headers already sent (output started at /home/ubuntu/workspace/系統分析與設計/HW_01/index.php:56) in /home/ubuntu/workspace/系統分析與設計/HW_01/index.php on line 68
[26-Sep-2015 15:44:46 UTC] PHP Stack trace:
[26-Sep-2015 15:44:46 UTC] PHP   1. {main}() /home/ubuntu/workspace/系統分析與設計/HW_01/index.php:0
[26-Sep-2015 15:44:46 UTC] PHP   2. session_start() /home/ubuntu/workspace/系統分析與設計/HW_01/index.php:68
[27-Sep-2015 07:16:50 UTC] PHP Parse error:  syntax error, unexpected 'print_r' (T_STRING) in /home/ubuntu/workspace/系統分析與設計/HW_01/test.php on line 15
[27-Sep-2015 07:30:01 UTC] PHP Fatal error:  Can't use function return value in write context in /home/ubuntu/workspace/系統分析與設計/HW_01/test.php on line 26
[27-Sep-2015 07:37:08 UTC] PHP Parse error:  syntax error, unexpected ';', expecting ']' in /home/ubuntu/workspace/系統分析與設計/HW_01/test.php on line 29
[27-Sep-2015 07:42:00 UTC] PHP Warning:  mysql_fetch_assoc() expects parameter 1 to be resource, boolean given in /home/ubuntu/workspace/系統分析與設計/HW_01/test.php on line 24
[27-Sep-2015 07:42:00 UTC] PHP Stack trace:
[27-Sep-2015 07:42:00 UTC] PHP   1. {main}() /home/ubuntu/workspace/系統分析與設計/HW_01/test.php:0
[27-Sep-2015 07:42:00 UTC] PHP   2. mysql_fetch_assoc() /home/ubuntu/workspace/系統分析與設計/HW_01/test.php:24
[27-Sep-2015 07:42:37 UTC] PHP Warning:  mysql_fetch_assoc() expects parameter 1 to be resource, boolean given in /home/ubuntu/workspace/系統分析與設計/HW_01/test.php on line 24
[27-Sep-2015 07:42:37 UTC] PHP Stack trace:
[27-Sep-2015 07:42:37 UTC] PHP   1. {main}() /home/ubuntu/workspace/系統分析與設計/HW_01/test.php:0
[27-Sep-2015 07:42:37 UTC] PHP   2. mysql_fetch_assoc() /home/ubuntu/workspace/系統分析與設計/HW_01/test.php:24
[27-Sep-2015 07:42:38 UTC] PHP Warning:  mysql_fetch_assoc() expects parameter 1 to be resource, boolean given in /home/ubuntu/workspace/系統分析與設計/HW_01/test.php on line 24
[27-Sep-2015 07:42:38 UTC] PHP Stack trace:
[27-Sep-2015 07:42:38 UTC] PHP   1. {main}() /home/ubuntu/workspace/系統分析與設計/HW_01/test.php:0
[27-Sep-2015 07:42:38 UTC] PHP   2. mysql_fetch_assoc() /home/ubuntu/workspace/系統分析與設計/HW_01/test.php:24
[27-Sep-2015 08:03:33 UTC] PHP Warning:  mysql_fetch_assoc() expects parameter 1 to be resource, null given in /home/ubuntu/workspace/系統分析與設計/HW_01/test.php on line 21
[27-Sep-2015 08:03:33 UTC] PHP Stack trace:
[27-Sep-2015 08:03:33 UTC] PHP   1. {main}() /home/ubuntu/workspace/系統分析與設計/HW_01/test.php:0
[27-Sep-2015 08:03:33 UTC] PHP   2. mySelect() /home/ubuntu/workspace/系統分析與設計/HW_01/test.php:33
[27-Sep-2015 08:03:33 UTC] PHP   3. mysql_fetch_assoc() /home/ubuntu/workspace/系統分析與設計/HW_01/test.php:21
[27-Sep-2015 08:09:55 UTC] PHP Warning:  mysql_fetch_assoc() expects parameter 1 to be resource, null given in /home/ubuntu/workspace/系統分析與設計/HW_01/test.php on line 21
[27-Sep-2015 08:09:55 UTC] PHP Stack trace:
[27-Sep-2015 08:09:55 UTC] PHP   1. {main}() /home/ubuntu/workspace/系統分析與設計/HW_01/test.php:0
[27-Sep-2015 08:09:55 UTC] PHP   2. mySelect() /home/ubuntu/workspace/系統分析與設計/HW_01/test.php:32
[27-Sep-2015 08:09:55 UTC] PHP   3. mysql_fetch_assoc() /home/ubuntu/workspace/系統分析與設計/HW_01/test.php:21
[28-Sep-2015 05:44:48 UTC] PHP Parse error:  syntax error, unexpected 'print' (T_PRINT) in /home/ubuntu/workspace/系統分析與設計/HW_01/test2.php on line 121
[28-Sep-2015 10:07:29 UTC] PHP Fatal error:  Unsupported operand types in /home/ubuntu/workspace/系統分析與設計/HW_01/selection.php on line 18
[28-Sep-2015 10:07:29 UTC] PHP Stack trace:
[28-Sep-2015 10:07:29 UTC] PHP   1. {main}() /home/ubuntu/workspace/系統分析與設計/HW_01/selection.php:0
[28-Sep-2015 10:09:08 UTC] PHP Warning:  mysql_fetch_assoc() expects parameter 1 to be resource, boolean given in /home/ubuntu/workspace/系統分析與設計/HW_01/selection.php on line 16
[28-Sep-2015 10:09:08 UTC] PHP Stack trace:
[28-Sep-2015 10:09:08 UTC] PHP   1. {main}() /home/ubuntu/workspace/系統分析與設計/HW_01/selection.php:0
[28-Sep-2015 10:09:08 UTC] PHP   2. mysql_fetch_assoc() /home/ubuntu/workspace/系統分析與設計/HW_01/selection.php:16
[28-Sep-2015 10:09:50 UTC] PHP Warning:  mysql_fetch_assoc() expects parameter 1 to be resource, boolean given in /home/ubuntu/workspace/系統分析與設計/HW_01/selection.php on line 16
[28-Sep-2015 10:09:50 UTC] PHP Stack trace:
[28-Sep-2015 10:09:50 UTC] PHP   1. {main}() /home/ubuntu/workspace/系統分析與設計/HW_01/selection.php:0
[28-Sep-2015 10:09:50 UTC] PHP   2. mysql_fetch_assoc() /home/ubuntu/workspace/系統分析與設計/HW_01/selection.php:16
[29-Sep-2015 06:08:25 UTC] PHP Warning:  mysql_fetch_array() expects parameter 1 to be resource, null given in /home/ubuntu/workspace/系統分析與設計/HW_01/index.php on line 105
[29-Sep-2015 06:08:25 UTC] PHP Stack trace:
[29-Sep-2015 06:08:25 UTC] PHP   1. {main}() /home/ubuntu/workspace/系統分析與設計/HW_01/index.php:0
[29-Sep-2015 06:08:25 UTC] PHP   2. mysql_fetch_array() /home/ubuntu/workspace/系統分析與設計/HW_01/index.php:105
[30-Sep-2015 06:22:23 UTC] PHP Warning:  include(./geValue.php): failed to open stream: No such file or directory in /home/ubuntu/workspace/系統分析與設計/HW_01/index.php on line 76
[30-Sep-2015 06:22:23 UTC] PHP Stack trace:
[30-Sep-2015 06:22:23 UTC] PHP   1. {main}() /home/ubuntu/workspace/系統分析與設計/HW_01/index.php:0
[30-Sep-2015 06:22:23 UTC] PHP Warning:  include(): Failed opening './geValue.php' for inclusion (include_path='.:/usr/share/php:/usr/share/pear') in /home/ubuntu/workspace/系統分析與設計/HW_01/index.php on line 76
[30-Sep-2015 06:22:23 UTC] PHP Stack trace:
[30-Sep-2015 06:22:23 UTC] PHP   1. {main}() /home/ubuntu/workspace/系統分析與設計/HW_01/index.php:0
[30-Sep-2015 06:28:55 UTC] PHP Warning:  include(./getValue): failed to open stream: No such file or directory in /home/ubuntu/workspace/系統分析與設計/HW_01/index.php on line 35
[30-Sep-2015 06:28:55 UTC] PHP Stack trace:
[30-Sep-2015 06:28:55 UTC] PHP   1. {main}() /home/ubuntu/workspace/系統分析與設計/HW_01/index.php:0
[30-Sep-2015 06:28:55 UTC] PHP Warning:  include(): Failed opening './getValue' for inclusion (include_path='.:/usr/share/php:/usr/share/pear') in /home/ubuntu/workspace/系統分析與設計/HW_01/index.php on line 35
[30-Sep-2015 06:28:55 UTC] PHP Stack trace:
[30-Sep-2015 06:28:55 UTC] PHP   1. {main}() /home/ubuntu/workspace/系統分析與設計/HW_01/index.php:0
[30-Sep-2015 06:30:20 UTC] PHP Warning:  include(./getValue): failed to open stream: No such file or directory in /home/ubuntu/workspace/系統分析與設計/HW_01/index.php on line 35
[30-Sep-2015 06:30:20 UTC] PHP Stack trace:
[30-Sep-2015 06:30:20 UTC] PHP   1. {main}() /home/ubuntu/workspace/系統分析與設計/HW_01/index.php:0
[30-Sep-2015 06:30:20 UTC] PHP Warning:  include(): Failed opening './getValue' for inclusion (include_path='.:/usr/share/php:/usr/share/pear') in /home/ubuntu/workspace/系統分析與設計/HW_01/index.php on line 35
[30-Sep-2015 06:30:20 UTC] PHP Stack trace:
[30-Sep-2015 06:30:20 UTC] PHP   1. {main}() /home/ubuntu/workspace/系統分析與設計/HW_01/index.php:0
[30-Sep-2015 07:03:00 UTC] PHP Warning:  include(./getValue): failed to open stream: No such file or directory in /home/ubuntu/workspace/系統分析與設計/HW_01/index.php on line 77
[30-Sep-2015 07:03:00 UTC] PHP Stack trace:
[30-Sep-2015 07:03:00 UTC] PHP   1. {main}() /home/ubuntu/workspace/系統分析與設計/HW_01/index.php:0
[30-Sep-2015 07:03:00 UTC] PHP Warning:  include(): Failed opening './getValue' for inclusion (include_path='.:/usr/share/php:/usr/share/pear') in /home/ubuntu/workspace/系統分析與設計/HW_01/index.php on line 77
[30-Sep-2015 07:03:00 UTC] PHP Stack trace:
[30-Sep-2015 07:03:00 UTC] PHP   1. {main}() /home/ubuntu/workspace/系統分析與設計/HW_01/index.php:0
[30-Sep-2015 07:03:21 UTC] PHP Warning:  include(./getValue): failed to open stream: No such file or directory in /home/ubuntu/workspace/系統分析與設計/HW_01/index.php on line 77
[30-Sep-2015 07:03:21 UTC] PHP Stack trace:
[30-Sep-2015 07:03:21 UTC] PHP   1. {main}() /home/ubuntu/workspace/系統分析與設計/HW_01/index.php:0
[30-Sep-2015 07:03:21 UTC] PHP Warning:  include(): Failed opening './getValue' for inclusion (include_path='.:/usr/share/php:/usr/share/pear') in /home/ubuntu/workspace/系統分析與設計/HW_01/index.php on line 77
[30-Sep-2015 07:03:21 UTC] PHP Stack trace:
[30-Sep-2015 07:03:21 UTC] PHP   1. {main}() /home/ubuntu/workspace/系統分析與設計/HW_01/index.php:0
[30-Sep-2015 07:03:38 UTC] PHP Warning:  include(./getValue): failed to open stream: No such file or directory in /home/ubuntu/workspace/系統分析與設計/HW_01/index.php on line 77
[30-Sep-2015 07:03:38 UTC] PHP Stack trace:
[30-Sep-2015 07:03:38 UTC] PHP   1. {main}() /home/ubuntu/workspace/系統分析與設計/HW_01/index.php:0
[30-Sep-2015 07:03:38 UTC] PHP Warning:  include(): Failed opening './getValue' for inclusion (include_path='.:/usr/share/php:/usr/share/pear') in /home/ubuntu/workspace/系統分析與設計/HW_01/index.php on line 77
[30-Sep-2015 07:03:38 UTC] PHP Stack trace:
[30-Sep-2015 07:03:38 UTC] PHP   1. {main}() /home/ubuntu/workspace/系統分析與設計/HW_01/index.php:0
[30-Sep-2015 07:03:39 UTC] PHP Warning:  include(./getValue): failed to open stream: No such file or directory in /home/ubuntu/workspace/系統分析與設計/HW_01/index.php on line 77
[30-Sep-2015 07:03:39 UTC] PHP Stack trace:
[30-Sep-2015 07:03:39 UTC] PHP   1. {main}() /home/ubuntu/workspace/系統分析與設計/HW_01/index.php:0
[30-Sep-2015 07:03:39 UTC] PHP Warning:  include(): Failed opening './getValue' for inclusion (include_path='.:/usr/share/php:/usr/share/pear') in /home/ubuntu/workspace/系統分析與設計/HW_01/index.php on line 77
[30-Sep-2015 07:03:39 UTC] PHP Stack trace:
[30-Sep-2015 07:03:39 UTC] PHP   1. {main}() /home/ubuntu/workspace/系統分析與設計/HW_01/index.php:0
[30-Sep-2015 07:03:40 UTC] PHP Warning:  include(./getValue): failed to open stream: No such file or directory in /home/ubuntu/workspace/系統分析與設計/HW_01/index.php on line 77
[30-Sep-2015 07:03:40 UTC] PHP Stack trace:
[30-Sep-2015 07:03:40 UTC] PHP   1. {main}() /home/ubuntu/workspace/系統分析與設計/HW_01/index.php:0
[30-Sep-2015 07:03:40 UTC] PHP Warning:  include(): Failed opening './getValue' for inclusion (include_path='.:/usr/share/php:/usr/share/pear') in /home/ubuntu/workspace/系統分析與設計/HW_01/index.php on line 77
[30-Sep-2015 07:03:40 UTC] PHP Stack trace:
[30-Sep-2015 07:03:40 UTC] PHP   1. {main}() /home/ubuntu/workspace/系統分析與設計/HW_01/index.php:0
[30-Sep-2015 07:03:55 UTC] PHP Warning:  include(./getValue): failed to open stream: No such file or directory in /home/ubuntu/workspace/系統分析與設計/HW_01/index.php on line 77
[30-Sep-2015 07:03:55 UTC] PHP Stack trace:
[30-Sep-2015 07:03:55 UTC] PHP   1. {main}() /home/ubuntu/workspace/系統分析與設計/HW_01/index.php:0
[30-Sep-2015 07:03:55 UTC] PHP Warning:  include(): Failed opening './getValue' for inclusion (include_path='.:/usr/share/php:/usr/share/pear') in /home/ubuntu/workspace/系統分析與設計/HW_01/index.php on line 77
[30-Sep-2015 07:03:55 UTC] PHP Stack trace:
[30-Sep-2015 07:03:55 UTC] PHP   1. {main}() /home/ubuntu/workspace/系統分析與設計/HW_01/index.php:0
[30-Sep-2015 07:04:35 UTC] PHP Warning:  include(./getValue): failed to open stream: No such file or directory in /home/ubuntu/workspace/系統分析與設計/HW_01/index.php on line 77
[30-Sep-2015 07:04:35 UTC] PHP Stack trace:
[30-Sep-2015 07:04:35 UTC] PHP   1. {main}() /home/ubuntu/workspace/系統分析與設計/HW_01/index.php:0
[30-Sep-2015 07:04:35 UTC] PHP Warning:  include(): Failed opening './getValue' for inclusion (include_path='.:/usr/share/php:/usr/share/pear') in /home/ubuntu/workspace/系統分析與設計/HW_01/index.php on line 77
[30-Sep-2015 07:04:35 UTC] PHP Stack trace:
[30-Sep-2015 07:04:35 UTC] PHP   1. {main}() /home/ubuntu/workspace/系統分析與設計/HW_01/index.php:0
[30-Sep-2015 13:02:09 UTC] PHP Warning:  session_start(): Cannot send session cache limiter - headers already sent (output started at /home/ubuntu/workspace/系統分析與設計/HW_01/index.php:66) in /home/ubuntu/workspace/系統分析與設計/HW_01/getValue.php on line 2
[30-Sep-2015 13:02:09 UTC] PHP Stack trace:
[30-Sep-2015 13:02:09 UTC] PHP   1. {main}() /home/ubuntu/workspace/系統分析與設計/HW_01/index.php:0
[30-Sep-2015 13:02:09 UTC] PHP   2. include() /home/ubuntu/workspace/系統分析與設計/HW_01/index.php:78
[30-Sep-2015 13:02:09 UTC] PHP   3. session_start() /home/ubuntu/workspace/系統分析與設計/HW_01/getValue.php:2
[30-Sep-2015 13:02:31 UTC] PHP Warning:  session_start(): Cannot send session cache limiter - headers already sent (output started at /home/ubuntu/workspace/系統分析與設計/HW_01/index.php:66) in /home/ubuntu/workspace/系統分析與設計/HW_01/getValue.php on line 2
[30-Sep-2015 13:02:31 UTC] PHP Stack trace:
[30-Sep-2015 13:02:31 UTC] PHP   1. {main}() /home/ubuntu/workspace/系統分析與設計/HW_01/index.php:0
[30-Sep-2015 13:02:31 UTC] PHP   2. include() /home/ubuntu/workspace/系統分析與設計/HW_01/index.php:78
[30-Sep-2015 13:02:31 UTC] PHP   3. session_start() /home/ubuntu/workspace/系統分析與設計/HW_01/getValue.php:2
[30-Sep-2015 13:03:11 UTC] PHP Warning:  session_start(): Cannot send session cache limiter - headers already sent (output started at /home/ubuntu/workspace/系統分析與設計/HW_01/index.php:66) in /home/ubuntu/workspace/系統分析與設計/HW_01/getValue.php on line 2
[30-Sep-2015 13:03:11 UTC] PHP Stack trace:
[30-Sep-2015 13:03:11 UTC] PHP   1. {main}() /home/ubuntu/workspace/系統分析與設計/HW_01/index.php:0
[30-Sep-2015 13:03:11 UTC] PHP   2. include() /home/ubuntu/workspace/系統分析與設計/HW_01/index.php:78
[30-Sep-2015 13:03:11 UTC] PHP   3. session_start() /home/ubuntu/workspace/系統分析與設計/HW_01/getValue.php:2
[30-Sep-2015 13:09:16 UTC] PHP Warning:  mysql_fetch_array() expects parameter 1 to be resource, boolean given in /home/ubuntu/workspace/系統分析與設計/HW_01/index.php on line 67
[30-Sep-2015 13:09:16 UTC] PHP Stack trace:
[30-Sep-2015 13:09:16 UTC] PHP   1. {main}() /home/ubuntu/workspace/系統分析與設計/HW_01/index.php:0
[30-Sep-2015 13:09:16 UTC] PHP   2. mysql_fetch_array() /home/ubuntu/workspace/系統分析與設計/HW_01/index.php:67
[30-Sep-2015 13:09:21 UTC] PHP Warning:  mysql_fetch_array() expects parameter 1 to be resource, boolean given in /home/ubuntu/workspace/系統分析與設計/HW_01/index.php on line 67
[30-Sep-2015 13:09:21 UTC] PHP Stack trace:
[30-Sep-2015 13:09:21 UTC] PHP   1. {main}() /home/ubuntu/workspace/系統分析與設計/HW_01/index.php:0
[30-Sep-2015 13:09:21 UTC] PHP   2. mysql_fetch_array() /home/ubuntu/workspace/系統分析與設計/HW_01/index.php:67
[30-Sep-2015 13:09:38 UTC] PHP Warning:  mysql_fetch_array() expects parameter 1 to be resource, boolean given in /home/ubuntu/workspace/系統分析與設計/HW_01/index.php on line 67
[30-Sep-2015 13:09:38 UTC] PHP Stack trace:
[30-Sep-2015 13:09:38 UTC] PHP   1. {main}() /home/ubuntu/workspace/系統分析與設計/HW_01/index.php:0
[30-Sep-2015 13:09:38 UTC] PHP   2. mysql_fetch_array() /home/ubuntu/workspace/系統分析與設計/HW_01/index.php:67
[30-Sep-2015 13:09:42 UTC] PHP Warning:  mysql_fetch_array() expects parameter 1 to be resource, boolean given in /home/ubuntu/workspace/系統分析與設計/HW_01/index.php on line 67
[30-Sep-2015 13:09:42 UTC] PHP Stack trace:
[30-Sep-2015 13:09:42 UTC] PHP   1. {main}() /home/ubuntu/workspace/系統分析與設計/HW_01/index.php:0
[30-Sep-2015 13:09:42 UTC] PHP   2. mysql_fetch_array() /home/ubuntu/workspace/系統分析與設計/HW_01/index.php:67
[30-Sep-2015 13:10:24 UTC] PHP Warning:  mysql_fetch_array() expects parameter 1 to be resource, boolean given in /home/ubuntu/workspace/系統分析與設計/HW_01/index.php on line 67
[30-Sep-2015 13:10:24 UTC] PHP Stack trace:
[30-Sep-2015 13:10:24 UTC] PHP   1. {main}() /home/ubuntu/workspace/系統分析與設計/HW_01/index.php:0
[30-Sep-2015 13:10:24 UTC] PHP   2. mysql_fetch_array() /home/ubuntu/workspace/系統分析與設計/HW_01/index.php:67
[30-Sep-2015 13:10:29 UTC] PHP Warning:  mysql_fetch_array() expects parameter 1 to be resource, boolean given in /home/ubuntu/workspace/系統分析與設計/HW_01/index.php on line 67
[30-Sep-2015 13:10:29 UTC] PHP Stack trace:
[30-Sep-2015 13:10:29 UTC] PHP   1. {main}() /home/ubuntu/workspace/系統分析與設計/HW_01/index.php:0
[30-Sep-2015 13:10:29 UTC] PHP   2. mysql_fetch_array() /home/ubuntu/workspace/系統分析與設計/HW_01/index.php:67
[30-Sep-2015 13:10:38 UTC] PHP Warning:  mysql_fetch_array() expects parameter 1 to be resource, boolean given in /home/ubuntu/workspace/系統分析與設計/HW_01/index.php on line 67
[30-Sep-2015 13:10:38 UTC] PHP Stack trace:
[30-Sep-2015 13:10:38 UTC] PHP   1. {main}() /home/ubuntu/workspace/系統分析與設計/HW_01/index.php:0
[30-Sep-2015 13:10:38 UTC] PHP   2. mysql_fetch_array() /home/ubuntu/workspace/系統分析與設計/HW_01/index.php:67
[30-Sep-2015 13:12:02 UTC] PHP Warning:  mysql_fetch_array() expects parameter 1 to be resource, boolean given in /home/ubuntu/workspace/系統分析與設計/HW_01/index.php on line 67
[30-Sep-2015 13:12:02 UTC] PHP Stack trace:
[30-Sep-2015 13:12:02 UTC] PHP   1. {main}() /home/ubuntu/workspace/系統分析與設計/HW_01/index.php:0
[30-Sep-2015 13:12:02 UTC] PHP   2. mysql_fetch_array() /home/ubuntu/workspace/系統分析與設計/HW_01/index.php:67
[30-Sep-2015 13:16:26 UTC] PHP Warning:  mysql_fetch_array() expects parameter 1 to be resource, boolean given in /home/ubuntu/workspace/系統分析與設計/HW_01/index.php on line 67
[30-Sep-2015 13:16:26 UTC] PHP Stack trace:
[30-Sep-2015 13:16:26 UTC] PHP   1. {main}() /home/ubuntu/workspace/系統分析與設計/HW_01/index.php:0
[30-Sep-2015 13:16:26 UTC] PHP   2. mysql_fetch_array() /home/ubuntu/workspace/系統分析與設計/HW_01/index.php:67
[30-Sep-2015 13:20:18 UTC] PHP Warning:  mysql_fetch_array() expects parameter 1 to be resource, boolean given in /home/ubuntu/workspace/系統分析與設計/HW_01/index.php on line 67
[30-Sep-2015 13:20:18 UTC] PHP Stack trace:
[30-Sep-2015 13:20:18 UTC] PHP   1. {main}() /home/ubuntu/workspace/系統分析與設計/HW_01/index.php:0
[30-Sep-2015 13:20:18 UTC] PHP   2. mysql_fetch_array() /home/ubuntu/workspace/系統分析與設計/HW_01/index.php:67
[30-Sep-2015 13:20:22 UTC] PHP Warning:  mysql_fetch_array() expects parameter 1 to be resource, boolean given in /home/ubuntu/workspace/系統分析與設計/HW_01-2/index.php on line 67
[30-Sep-2015 13:20:22 UTC] PHP Stack trace:
[30-Sep-2015 13:20:22 UTC] PHP   1. {main}() /home/ubuntu/workspace/系統分析與設計/HW_01-2/index.php:0
[30-Sep-2015 13:20:22 UTC] PHP   2. mysql_fetch_array() /home/ubuntu/workspace/系統分析與設計/HW_01-2/index.php:67
[30-Sep-2015 13:20:33 UTC] PHP Warning:  mysql_fetch_array() expects parameter 1 to be resource, boolean given in /home/ubuntu/workspace/系統分析與設計/HW_01-2/index.php on line 67
[30-Sep-2015 13:20:33 UTC] PHP Stack trace:
[30-Sep-2015 13:20:33 UTC] PHP   1. {main}() /home/ubuntu/workspace/系統分析與設計/HW_01-2/index.php:0
[30-Sep-2015 13:20:33 UTC] PHP   2. mysql_fetch_array() /home/ubuntu/workspace/系統分析與設計/HW_01-2/index.php:67
[30-Sep-2015 13:20:54 UTC] PHP Warning:  mysql_fetch_array() expects parameter 1 to be resource, boolean given in /home/ubuntu/workspace/系統分析與設計/HW_01-2/index.php on line 67
[30-Sep-2015 13:20:54 UTC] PHP Stack trace:
[30-Sep-2015 13:20:54 UTC] PHP   1. {main}() /home/ubuntu/workspace/系統分析與設計/HW_01-2/index.php:0
[30-Sep-2015 13:20:54 UTC] PHP   2. mysql_fetch_array() /home/ubuntu/workspace/系統分析與設計/HW_01-2/index.php:67
[30-Sep-2015 13:21:08 UTC] PHP Warning:  mysql_fetch_array() expects parameter 1 to be resource, boolean given in /home/ubuntu/workspace/系統分析與設計/HW_01-2/index.php on line 67
[30-Sep-2015 13:21:08 UTC] PHP Stack trace:
[30-Sep-2015 13:21:08 UTC] PHP   1. {main}() /home/ubuntu/workspace/系統分析與設計/HW_01-2/index.php:0
[30-Sep-2015 13:21:08 UTC] PHP   2. mysql_fetch_array() /home/ubuntu/workspace/系統分析與設計/HW_01-2/index.php:67
[30-Sep-2015 13:21:22 UTC] PHP Warning:  mysql_fetch_array() expects parameter 1 to be resource, boolean given in /home/ubuntu/workspace/系統分析與設計/HW_01-2/index.php on line 67
[30-Sep-2015 13:21:22 UTC] PHP Stack trace:
[30-Sep-2015 13:21:22 UTC] PHP   1. {main}() /home/ubuntu/workspace/系統分析與設計/HW_01-2/index.php:0
[30-Sep-2015 13:21:22 UTC] PHP   2. mysql_fetch_array() /home/ubuntu/workspace/系統分析與設計/HW_01-2/index.php:67
[30-Sep-2015 13:21:45 UTC] PHP Warning:  mysql_fetch_array() expects parameter 1 to be resource, boolean given in /home/ubuntu/workspace/系統分析與設計/HW_01-2/index.php on line 67
[30-Sep-2015 13:21:45 UTC] PHP Stack trace:
[30-Sep-2015 13:21:45 UTC] PHP   1. {main}() /home/ubuntu/workspace/系統分析與設計/HW_01-2/index.php:0
[30-Sep-2015 13:21:45 UTC] PHP   2. mysql_fetch_array() /home/ubuntu/workspace/系統分析與設計/HW_01-2/index.php:67
[30-Sep-2015 13:25:37 UTC] PHP Warning:  mysql_fetch_array() expects parameter 1 to be resource, boolean given in /home/ubuntu/workspace/系統分析與設計/HW_01-2/index.php on line 67
[30-Sep-2015 13:25:37 UTC] PHP Stack trace:
[30-Sep-2015 13:25:37 UTC] PHP   1. {main}() /home/ubuntu/workspace/系統分析與設計/HW_01-2/index.php:0
[30-Sep-2015 13:25:37 UTC] PHP   2. mysql_fetch_array() /home/ubuntu/workspace/系統分析與設計/HW_01-2/index.php:67
[30-Sep-2015 13:26:08 UTC] PHP Warning:  mysql_fetch_array() expects parameter 1 to be resource, boolean given in /home/ubuntu/workspace/系統分析與設計/HW_01-2/index.php on line 67
[30-Sep-2015 13:26:08 UTC] PHP Stack trace:
[30-Sep-2015 13:26:08 UTC] PHP   1. {main}() /home/ubuntu/workspace/系統分析與設計/HW_01-2/index.php:0
[30-Sep-2015 13:26:08 UTC] PHP   2. mysql_fetch_array() /home/ubuntu/workspace/系統分析與設計/HW_01-2/index.php:67
[30-Sep-2015 13:26:10 UTC] PHP Warning:  mysql_fetch_array() expects parameter 1 to be resource, boolean given in /home/ubuntu/workspace/系統分析與設計/HW_01-2/index.php on line 67
[30-Sep-2015 13:26:10 UTC] PHP Stack trace:
[30-Sep-2015 13:26:10 UTC] PHP   1. {main}() /home/ubuntu/workspace/系統分析與設計/HW_01-2/index.php:0
[30-Sep-2015 13:26:10 UTC] PHP   2. mysql_fetch_array() /home/ubuntu/workspace/系統分析與設計/HW_01-2/index.php:67
[01-Oct-2015 08:16:11 UTC] PHP Warning:  mysql_fetch_array() expects parameter 1 to be resource, boolean given in /home/ubuntu/workspace/系統分析與設計/HW_01/index.php on line 67
[01-Oct-2015 08:16:11 UTC] PHP Stack trace:
[01-Oct-2015 08:16:11 UTC] PHP   1. {main}() /home/ubuntu/workspace/系統分析與設計/HW_01/index.php:0
[01-Oct-2015 08:16:11 UTC] PHP   2. mysql_fetch_array() /home/ubuntu/workspace/系統分析與設計/HW_01/index.php:67
[01-Oct-2015 08:21:17 UTC] PHP Warning:  mysql_fetch_array() expects parameter 1 to be resource, boolean given in /home/ubuntu/workspace/系統分析與設計/HW_01/index.php on line 67
[01-Oct-2015 08:21:17 UTC] PHP Stack trace:
[01-Oct-2015 08:21:17 UTC] PHP   1. {main}() /home/ubuntu/workspace/系統分析與設計/HW_01/index.php:0
[01-Oct-2015 08:21:17 UTC] PHP   2. mysql_fetch_array() /home/ubuntu/workspace/系統分析與設計/HW_01/index.php:67
[01-Oct-2015 08:33:24 UTC] PHP Warning:  mysql_fetch_array() expects parameter 1 to be resource, boolean given in /home/ubuntu/workspace/系統分析與設計/HW_01/index.php on line 67
[01-Oct-2015 08:33:24 UTC] PHP Stack trace:
[01-Oct-2015 08:33:24 UTC] PHP   1. {main}() /home/ubuntu/workspace/系統分析與設計/HW_01/index.php:0
[01-Oct-2015 08:33:24 UTC] PHP   2. mysql_fetch_array() /home/ubuntu/workspace/系統分析與設計/HW_01/index.php:67
[02-Oct-2015 15:15:24 UTC] PHP Warning:  mysql_fetch_array() expects parameter 1 to be resource, boolean given in /home/ubuntu/workspace/系統分析與設計/HW_01/index.php on line 67
[02-Oct-2015 15:15:24 UTC] PHP Stack trace:
[02-Oct-2015 15:15:24 UTC] PHP   1. {main}() /home/ubuntu/workspace/系統分析與設計/HW_01/index.php:0
[02-Oct-2015 15:15:24 UTC] PHP   2. mysql_fetch_array() /home/ubuntu/workspace/系統分析與設計/HW_01/index.php:67
