[10-Sep-2015 03:48:30 UTC] PHP Warning:  mysql_fetch_assoc() expects parameter 1 to be resource, null given in /home/ubuntu/workspace/works_1/create.php on line 26
[10-Sep-2015 03:48:30 UTC] PHP Stack trace:
[10-Sep-2015 03:48:30 UTC] PHP   1. {main}() /home/ubuntu/workspace/works_1/create.php:0
[10-Sep-2015 03:48:30 UTC] PHP   2. mysql_fetch_assoc() /home/ubuntu/workspace/works_1/create.php:26
[10-Sep-2015 03:51:37 UTC] PHP Warning:  mysql_fetch_assoc() expects parameter 1 to be resource, null given in /home/ubuntu/workspace/works_1/create.php on line 26
[10-Sep-2015 03:51:37 UTC] PHP Stack trace:
[10-Sep-2015 03:51:37 UTC] PHP   1. {main}() /home/ubuntu/workspace/works_1/create.php:0
[10-Sep-2015 03:51:37 UTC] PHP   2. mysql_fetch_assoc() /home/ubuntu/workspace/works_1/create.php:26
[10-Sep-2015 03:51:52 UTC] PHP Warning:  mysql_fetch_assoc() expects parameter 1 to be resource, null given in /home/ubuntu/workspace/works_1/create.php on line 26
[10-Sep-2015 03:51:52 UTC] PHP Stack trace:
[10-Sep-2015 03:51:52 UTC] PHP   1. {main}() /home/ubuntu/workspace/works_1/create.php:0
[10-Sep-2015 03:51:52 UTC] PHP   2. mysql_fetch_assoc() /home/ubuntu/workspace/works_1/create.php:26
[10-Sep-2015 03:53:24 UTC] PHP Warning:  mysql_fetch_assoc() expects parameter 1 to be resource, null given in /home/ubuntu/workspace/works_1/create.php on line 27
[10-Sep-2015 03:53:24 UTC] PHP Stack trace:
[10-Sep-2015 03:53:24 UTC] PHP   1. {main}() /home/ubuntu/workspace/works_1/create.php:0
[10-Sep-2015 03:53:24 UTC] PHP   2. mysql_fetch_assoc() /home/ubuntu/workspace/works_1/create.php:27
[10-Sep-2015 03:53:25 UTC] PHP Warning:  mysql_fetch_assoc() expects parameter 1 to be resource, null given in /home/ubuntu/workspace/works_1/create.php on line 27
[10-Sep-2015 03:53:25 UTC] PHP Stack trace:
[10-Sep-2015 03:53:25 UTC] PHP   1. {main}() /home/ubuntu/workspace/works_1/create.php:0
[10-Sep-2015 03:53:25 UTC] PHP   2. mysql_fetch_assoc() /home/ubuntu/workspace/works_1/create.php:27
[10-Sep-2015 03:53:39 UTC] PHP Warning:  mysql_fetch_array() expects parameter 1 to be resource, null given in /home/ubuntu/workspace/works_1/create.php on line 27
[10-Sep-2015 03:53:39 UTC] PHP Stack trace:
[10-Sep-2015 03:53:39 UTC] PHP   1. {main}() /home/ubuntu/workspace/works_1/create.php:0
[10-Sep-2015 03:53:39 UTC] PHP   2. mysql_fetch_array() /home/ubuntu/workspace/works_1/create.php:27
[10-Sep-2015 03:54:28 UTC] PHP Warning:  mysql_fetch_array() expects parameter 1 to be resource, null given in /home/ubuntu/workspace/works_1/create.php on line 12
[10-Sep-2015 03:54:28 UTC] PHP Stack trace:
[10-Sep-2015 03:54:28 UTC] PHP   1. {main}() /home/ubuntu/workspace/works_1/create.php:0
[10-Sep-2015 03:54:28 UTC] PHP   2. mysql_fetch_array() /home/ubuntu/workspace/works_1/create.php:12
[10-Sep-2015 03:54:28 UTC] PHP Warning:  mysql_fetch_array() expects parameter 1 to be resource, null given in /home/ubuntu/workspace/works_1/create.php on line 30
[10-Sep-2015 03:54:28 UTC] PHP Stack trace:
[10-Sep-2015 03:54:28 UTC] PHP   1. {main}() /home/ubuntu/workspace/works_1/create.php:0
[10-Sep-2015 03:54:28 UTC] PHP   2. mysql_fetch_array() /home/ubuntu/workspace/works_1/create.php:30
[10-Sep-2015 03:59:20 UTC] PHP Warning:  mysql_fetch_array() expects parameter 1 to be resource, null given in /home/ubuntu/workspace/works_1/create.php on line 12
[10-Sep-2015 03:59:20 UTC] PHP Stack trace:
[10-Sep-2015 03:59:20 UTC] PHP   1. {main}() /home/ubuntu/workspace/works_1/create.php:0
[10-Sep-2015 03:59:20 UTC] PHP   2. mysql_fetch_array() /home/ubuntu/workspace/works_1/create.php:12
[10-Sep-2015 03:59:20 UTC] PHP Warning:  mysql_fetch_array() expects parameter 1 to be resource, null given in /home/ubuntu/workspace/works_1/create.php on line 30
[10-Sep-2015 03:59:20 UTC] PHP Stack trace:
[10-Sep-2015 03:59:20 UTC] PHP   1. {main}() /home/ubuntu/workspace/works_1/create.php:0
[10-Sep-2015 03:59:20 UTC] PHP   2. mysql_fetch_array() /home/ubuntu/workspace/works_1/create.php:30
[10-Sep-2015 04:00:32 UTC] PHP Warning:  mysql_fetch_array() expects parameter 1 to be resource, null given in /home/ubuntu/workspace/works_1/create.php on line 12
[10-Sep-2015 04:00:32 UTC] PHP Stack trace:
[10-Sep-2015 04:00:32 UTC] PHP   1. {main}() /home/ubuntu/workspace/works_1/create.php:0
[10-Sep-2015 04:00:32 UTC] PHP   2. mysql_fetch_array() /home/ubuntu/workspace/works_1/create.php:12
[10-Sep-2015 04:00:40 UTC] PHP Warning:  mysql_fetch_array() expects parameter 1 to be resource, null given in /home/ubuntu/workspace/works_1/create.php on line 12
[10-Sep-2015 04:00:40 UTC] PHP Stack trace:
[10-Sep-2015 04:00:40 UTC] PHP   1. {main}() /home/ubuntu/workspace/works_1/create.php:0
[10-Sep-2015 04:00:40 UTC] PHP   2. mysql_fetch_array() /home/ubuntu/workspace/works_1/create.php:12
[10-Sep-2015 04:00:40 UTC] PHP Warning:  mysql_fetch_array() expects parameter 1 to be resource, null given in /home/ubuntu/workspace/works_1/create.php on line 30
[10-Sep-2015 04:00:40 UTC] PHP Stack trace:
[10-Sep-2015 04:00:40 UTC] PHP   1. {main}() /home/ubuntu/workspace/works_1/create.php:0
[10-Sep-2015 04:00:40 UTC] PHP   2. mysql_fetch_array() /home/ubuntu/workspace/works_1/create.php:30
[10-Sep-2015 04:01:09 UTC] PHP Warning:  include(./works_1/connection.php): failed to open stream: No such file or directory in /home/ubuntu/workspace/works_1/create.php on line 8
[10-Sep-2015 04:01:09 UTC] PHP Stack trace:
[10-Sep-2015 04:01:09 UTC] PHP   1. {main}() /home/ubuntu/workspace/works_1/create.php:0
[10-Sep-2015 04:01:09 UTC] PHP Warning:  include(): Failed opening './works_1/connection.php' for inclusion (include_path='.:/usr/share/php:/usr/share/pear') in /home/ubuntu/workspace/works_1/create.php on line 8
[10-Sep-2015 04:01:09 UTC] PHP Stack trace:
[10-Sep-2015 04:01:09 UTC] PHP   1. {main}() /home/ubuntu/workspace/works_1/create.php:0
[10-Sep-2015 04:01:09 UTC] PHP Warning:  mysql_query(): Access denied for user ''@'localhost' (using password: NO) in /home/ubuntu/workspace/works_1/create.php on line 11
[10-Sep-2015 04:01:09 UTC] PHP Stack trace:
[10-Sep-2015 04:01:09 UTC] PHP   1. {main}() /home/ubuntu/workspace/works_1/create.php:0
[10-Sep-2015 04:01:09 UTC] PHP   2. mysql_query() /home/ubuntu/workspace/works_1/create.php:11
[10-Sep-2015 04:01:09 UTC] PHP Warning:  mysql_query(): A link to the server could not be established in /home/ubuntu/workspace/works_1/create.php on line 11
[10-Sep-2015 04:01:09 UTC] PHP Stack trace:
[10-Sep-2015 04:01:09 UTC] PHP   1. {main}() /home/ubuntu/workspace/works_1/create.php:0
[10-Sep-2015 04:01:09 UTC] PHP   2. mysql_query() /home/ubuntu/workspace/works_1/create.php:11
[10-Sep-2015 04:01:09 UTC] PHP Warning:  mysql_fetch_array() expects parameter 1 to be resource, null given in /home/ubuntu/workspace/works_1/create.php on line 12
[10-Sep-2015 04:01:09 UTC] PHP Stack trace:
[10-Sep-2015 04:01:09 UTC] PHP   1. {main}() /home/ubuntu/workspace/works_1/create.php:0
[10-Sep-2015 04:01:09 UTC] PHP   2. mysql_fetch_array() /home/ubuntu/workspace/works_1/create.php:12
[10-Sep-2015 04:01:09 UTC] PHP Warning:  mysql_fetch_array() expects parameter 1 to be resource, null given in /home/ubuntu/workspace/works_1/create.php on line 30
[10-Sep-2015 04:01:09 UTC] PHP Stack trace:
[10-Sep-2015 04:01:09 UTC] PHP   1. {main}() /home/ubuntu/workspace/works_1/create.php:0
[10-Sep-2015 04:01:09 UTC] PHP   2. mysql_fetch_array() /home/ubuntu/workspace/works_1/create.php:30
[10-Sep-2015 04:01:20 UTC] PHP Warning:  include(/works_1/connection.php): failed to open stream: No such file or directory in /home/ubuntu/workspace/works_1/create.php on line 8
[10-Sep-2015 04:01:20 UTC] PHP Stack trace:
[10-Sep-2015 04:01:20 UTC] PHP   1. {main}() /home/ubuntu/workspace/works_1/create.php:0
[10-Sep-2015 04:01:20 UTC] PHP Warning:  include(): Failed opening '/works_1/connection.php' for inclusion (include_path='.:/usr/share/php:/usr/share/pear') in /home/ubuntu/workspace/works_1/create.php on line 8
[10-Sep-2015 04:01:20 UTC] PHP Stack trace:
[10-Sep-2015 04:01:20 UTC] PHP   1. {main}() /home/ubuntu/workspace/works_1/create.php:0
[10-Sep-2015 04:01:20 UTC] PHP Warning:  mysql_query(): Access denied for user ''@'localhost' (using password: NO) in /home/ubuntu/workspace/works_1/create.php on line 11
[10-Sep-2015 04:01:20 UTC] PHP Stack trace:
[10-Sep-2015 04:01:20 UTC] PHP   1. {main}() /home/ubuntu/workspace/works_1/create.php:0
[10-Sep-2015 04:01:20 UTC] PHP   2. mysql_query() /home/ubuntu/workspace/works_1/create.php:11
[10-Sep-2015 04:01:20 UTC] PHP Warning:  mysql_query(): A link to the server could not be established in /home/ubuntu/workspace/works_1/create.php on line 11
[10-Sep-2015 04:01:20 UTC] PHP Stack trace:
[10-Sep-2015 04:01:20 UTC] PHP   1. {main}() /home/ubuntu/workspace/works_1/create.php:0
[10-Sep-2015 04:01:20 UTC] PHP   2. mysql_query() /home/ubuntu/workspace/works_1/create.php:11
[10-Sep-2015 04:01:20 UTC] PHP Warning:  mysql_fetch_array() expects parameter 1 to be resource, null given in /home/ubuntu/workspace/works_1/create.php on line 12
[10-Sep-2015 04:01:20 UTC] PHP Stack trace:
[10-Sep-2015 04:01:20 UTC] PHP   1. {main}() /home/ubuntu/workspace/works_1/create.php:0
[10-Sep-2015 04:01:20 UTC] PHP   2. mysql_fetch_array() /home/ubuntu/workspace/works_1/create.php:12
[10-Sep-2015 04:01:20 UTC] PHP Warning:  mysql_fetch_array() expects parameter 1 to be resource, null given in /home/ubuntu/workspace/works_1/create.php on line 30
[10-Sep-2015 04:01:20 UTC] PHP Stack trace:
[10-Sep-2015 04:01:20 UTC] PHP   1. {main}() /home/ubuntu/workspace/works_1/create.php:0
[10-Sep-2015 04:01:20 UTC] PHP   2. mysql_fetch_array() /home/ubuntu/workspace/works_1/create.php:30
[10-Sep-2015 04:01:25 UTC] PHP Warning:  mysql_fetch_array() expects parameter 1 to be resource, null given in /home/ubuntu/workspace/works_1/create.php on line 12
[10-Sep-2015 04:01:25 UTC] PHP Stack trace:
[10-Sep-2015 04:01:25 UTC] PHP   1. {main}() /home/ubuntu/workspace/works_1/create.php:0
[10-Sep-2015 04:01:25 UTC] PHP   2. mysql_fetch_array() /home/ubuntu/workspace/works_1/create.php:12
[10-Sep-2015 04:01:25 UTC] PHP Warning:  mysql_fetch_array() expects parameter 1 to be resource, null given in /home/ubuntu/workspace/works_1/create.php on line 30
[10-Sep-2015 04:01:25 UTC] PHP Stack trace:
[10-Sep-2015 04:01:25 UTC] PHP   1. {main}() /home/ubuntu/workspace/works_1/create.php:0
[10-Sep-2015 04:01:25 UTC] PHP   2. mysql_fetch_array() /home/ubuntu/workspace/works_1/create.php:30
[10-Sep-2015 04:03:25 UTC] PHP Warning:  mysql_fetch_array() expects parameter 1 to be resource, null given in /home/ubuntu/workspace/works_1/create.php on line 12
[10-Sep-2015 04:03:25 UTC] PHP Stack trace:
[10-Sep-2015 04:03:25 UTC] PHP   1. {main}() /home/ubuntu/workspace/works_1/create.php:0
[10-Sep-2015 04:03:25 UTC] PHP   2. mysql_fetch_array() /home/ubuntu/workspace/works_1/create.php:12
[10-Sep-2015 04:03:25 UTC] PHP Warning:  mysql_fetch_array() expects parameter 1 to be resource, null given in /home/ubuntu/workspace/works_1/create.php on line 30
[10-Sep-2015 04:03:25 UTC] PHP Stack trace:
[10-Sep-2015 04:03:25 UTC] PHP   1. {main}() /home/ubuntu/workspace/works_1/create.php:0
[10-Sep-2015 04:03:25 UTC] PHP   2. mysql_fetch_array() /home/ubuntu/workspace/works_1/create.php:30
[10-Sep-2015 04:03:38 UTC] PHP Warning:  mysql_fetch_assoc() expects parameter 1 to be resource, null given in /home/ubuntu/workspace/works_1/create.php on line 12
[10-Sep-2015 04:03:38 UTC] PHP Stack trace:
[10-Sep-2015 04:03:38 UTC] PHP   1. {main}() /home/ubuntu/workspace/works_1/create.php:0
[10-Sep-2015 04:03:38 UTC] PHP   2. mysql_fetch_assoc() /home/ubuntu/workspace/works_1/create.php:12
[10-Sep-2015 04:03:38 UTC] PHP Warning:  mysql_fetch_array() expects parameter 1 to be resource, null given in /home/ubuntu/workspace/works_1/create.php on line 30
[10-Sep-2015 04:03:38 UTC] PHP Stack trace:
[10-Sep-2015 04:03:38 UTC] PHP   1. {main}() /home/ubuntu/workspace/works_1/create.php:0
[10-Sep-2015 04:03:38 UTC] PHP   2. mysql_fetch_array() /home/ubuntu/workspace/works_1/create.php:30
[10-Sep-2015 04:07:46 UTC] PHP Warning:  mysql_connect(): Access denied for user 'C9_USER'@'localhost' (using password: NO) in /home/ubuntu/workspace/works_1/connection.php on line 7
[10-Sep-2015 04:07:46 UTC] PHP Stack trace:
[10-Sep-2015 04:07:46 UTC] PHP   1. {main}() /home/ubuntu/workspace/works_1/connection.php:0
[10-Sep-2015 04:07:46 UTC] PHP   2. mysql_connect() /home/ubuntu/workspace/works_1/connection.php:7
[10-Sep-2015 04:07:46 UTC] PHP Warning:  mysql_select_db(): Access denied for user ''@'localhost' (using password: NO) in /home/ubuntu/workspace/works_1/connection.php on line 8
[10-Sep-2015 04:07:46 UTC] PHP Stack trace:
[10-Sep-2015 04:07:46 UTC] PHP   1. {main}() /home/ubuntu/workspace/works_1/connection.php:0
[10-Sep-2015 04:07:46 UTC] PHP   2. mysql_select_db() /home/ubuntu/workspace/works_1/connection.php:8
[10-Sep-2015 04:07:46 UTC] PHP Warning:  mysql_select_db(): A link to the server could not be established in /home/ubuntu/workspace/works_1/connection.php on line 8
[10-Sep-2015 04:07:46 UTC] PHP Stack trace:
[10-Sep-2015 04:07:46 UTC] PHP   1. {main}() /home/ubuntu/workspace/works_1/connection.php:0
[10-Sep-2015 04:07:46 UTC] PHP   2. mysql_select_db() /home/ubuntu/workspace/works_1/connection.php:8
[10-Sep-2015 04:07:55 UTC] PHP Warning:  mysql_fetch_assoc() expects parameter 1 to be resource, null given in /home/ubuntu/workspace/works_1/create.php on line 12
[10-Sep-2015 04:07:55 UTC] PHP Stack trace:
[10-Sep-2015 04:07:55 UTC] PHP   1. {main}() /home/ubuntu/workspace/works_1/create.php:0
[10-Sep-2015 04:07:55 UTC] PHP   2. mysql_fetch_assoc() /home/ubuntu/workspace/works_1/create.php:12
[10-Sep-2015 04:07:55 UTC] PHP Warning:  mysql_fetch_array() expects parameter 1 to be resource, null given in /home/ubuntu/workspace/works_1/create.php on line 30
[10-Sep-2015 04:07:55 UTC] PHP Stack trace:
[10-Sep-2015 04:07:55 UTC] PHP   1. {main}() /home/ubuntu/workspace/works_1/create.php:0
[10-Sep-2015 04:07:55 UTC] PHP   2. mysql_fetch_array() /home/ubuntu/workspace/works_1/create.php:30
[10-Sep-2015 04:07:59 UTC] PHP Warning:  mysql_fetch_assoc() expects parameter 1 to be resource, null given in /home/ubuntu/workspace/works_1/create.php on line 12
[10-Sep-2015 04:07:59 UTC] PHP Stack trace:
[10-Sep-2015 04:07:59 UTC] PHP   1. {main}() /home/ubuntu/workspace/works_1/create.php:0
[10-Sep-2015 04:07:59 UTC] PHP   2. mysql_fetch_assoc() /home/ubuntu/workspace/works_1/create.php:12
[10-Sep-2015 04:07:59 UTC] PHP Warning:  mysql_fetch_array() expects parameter 1 to be resource, null given in /home/ubuntu/workspace/works_1/create.php on line 30
[10-Sep-2015 04:07:59 UTC] PHP Stack trace:
[10-Sep-2015 04:07:59 UTC] PHP   1. {main}() /home/ubuntu/workspace/works_1/create.php:0
[10-Sep-2015 04:07:59 UTC] PHP   2. mysql_fetch_array() /home/ubuntu/workspace/works_1/create.php:30
[10-Sep-2015 04:09:46 UTC] PHP Warning:  mysql_fetch_assoc() expects parameter 1 to be resource, null given in /home/ubuntu/workspace/works_1/create.php on line 12
[10-Sep-2015 04:09:46 UTC] PHP Stack trace:
[10-Sep-2015 04:09:46 UTC] PHP   1. {main}() /home/ubuntu/workspace/works_1/create.php:0
[10-Sep-2015 04:09:46 UTC] PHP   2. mysql_fetch_assoc() /home/ubuntu/workspace/works_1/create.php:12
[10-Sep-2015 04:09:46 UTC] PHP Warning:  mysql_fetch_array() expects parameter 1 to be resource, null given in /home/ubuntu/workspace/works_1/create.php on line 30
[10-Sep-2015 04:09:46 UTC] PHP Stack trace:
[10-Sep-2015 04:09:46 UTC] PHP   1. {main}() /home/ubuntu/workspace/works_1/create.php:0
[10-Sep-2015 04:09:46 UTC] PHP   2. mysql_fetch_array() /home/ubuntu/workspace/works_1/create.php:30
[10-Sep-2015 04:09:47 UTC] PHP Warning:  mysql_fetch_assoc() expects parameter 1 to be resource, null given in /home/ubuntu/workspace/works_1/create.php on line 12
[10-Sep-2015 04:09:47 UTC] PHP Stack trace:
[10-Sep-2015 04:09:47 UTC] PHP   1. {main}() /home/ubuntu/workspace/works_1/create.php:0
[10-Sep-2015 04:09:47 UTC] PHP   2. mysql_fetch_assoc() /home/ubuntu/workspace/works_1/create.php:12
[10-Sep-2015 04:09:47 UTC] PHP Warning:  mysql_fetch_array() expects parameter 1 to be resource, null given in /home/ubuntu/workspace/works_1/create.php on line 30
[10-Sep-2015 04:09:47 UTC] PHP Stack trace:
[10-Sep-2015 04:09:47 UTC] PHP   1. {main}() /home/ubuntu/workspace/works_1/create.php:0
[10-Sep-2015 04:09:47 UTC] PHP   2. mysql_fetch_array() /home/ubuntu/workspace/works_1/create.php:30
[10-Sep-2015 04:09:54 UTC] PHP Warning:  mysql_fetch_array() expects parameter 1 to be resource, null given in /home/ubuntu/workspace/works_1/modify.php on line 10
[10-Sep-2015 04:09:54 UTC] PHP Stack trace:
[10-Sep-2015 04:09:54 UTC] PHP   1. {main}() /home/ubuntu/workspace/works_1/modify.php:0
[10-Sep-2015 04:09:54 UTC] PHP   2. mysql_fetch_array() /home/ubuntu/workspace/works_1/modify.php:10
[10-Sep-2015 04:12:50 UTC] PHP Warning:  mysql_fetch_assoc() expects parameter 1 to be resource, null given in /home/ubuntu/workspace/works_1/create.php on line 12
[10-Sep-2015 04:12:50 UTC] PHP Stack trace:
[10-Sep-2015 04:12:50 UTC] PHP   1. {main}() /home/ubuntu/workspace/works_1/create.php:0
[10-Sep-2015 04:12:50 UTC] PHP   2. mysql_fetch_assoc() /home/ubuntu/workspace/works_1/create.php:12
[10-Sep-2015 04:12:50 UTC] PHP Warning:  mysql_fetch_array() expects parameter 1 to be resource, null given in /home/ubuntu/workspace/works_1/create.php on line 30
[10-Sep-2015 04:12:50 UTC] PHP Stack trace:
[10-Sep-2015 04:12:50 UTC] PHP   1. {main}() /home/ubuntu/workspace/works_1/create.php:0
[10-Sep-2015 04:12:50 UTC] PHP   2. mysql_fetch_array() /home/ubuntu/workspace/works_1/create.php:30
[10-Sep-2015 04:13:49 UTC] PHP Warning:  mysql_fetch_assoc() expects parameter 1 to be resource, null given in /home/ubuntu/workspace/works_1/create.php on line 12
[10-Sep-2015 04:13:49 UTC] PHP Stack trace:
[10-Sep-2015 04:13:49 UTC] PHP   1. {main}() /home/ubuntu/workspace/works_1/create.php:0
[10-Sep-2015 04:13:49 UTC] PHP   2. mysql_fetch_assoc() /home/ubuntu/workspace/works_1/create.php:12
[10-Sep-2015 04:13:49 UTC] PHP Warning:  mysql_fetch_array() expects parameter 1 to be resource, null given in /home/ubuntu/workspace/works_1/create.php on line 30
[10-Sep-2015 04:13:49 UTC] PHP Stack trace:
[10-Sep-2015 04:13:49 UTC] PHP   1. {main}() /home/ubuntu/workspace/works_1/create.php:0
[10-Sep-2015 04:13:49 UTC] PHP   2. mysql_fetch_array() /home/ubuntu/workspace/works_1/create.php:30
[10-Sep-2015 04:13:50 UTC] PHP Warning:  mysql_fetch_assoc() expects parameter 1 to be resource, null given in /home/ubuntu/workspace/works_1/create.php on line 12
[10-Sep-2015 04:13:50 UTC] PHP Stack trace:
[10-Sep-2015 04:13:50 UTC] PHP   1. {main}() /home/ubuntu/workspace/works_1/create.php:0
[10-Sep-2015 04:13:50 UTC] PHP   2. mysql_fetch_assoc() /home/ubuntu/workspace/works_1/create.php:12
[10-Sep-2015 04:13:50 UTC] PHP Warning:  mysql_fetch_array() expects parameter 1 to be resource, null given in /home/ubuntu/workspace/works_1/create.php on line 30
[10-Sep-2015 04:13:50 UTC] PHP Stack trace:
[10-Sep-2015 04:13:50 UTC] PHP   1. {main}() /home/ubuntu/workspace/works_1/create.php:0
[10-Sep-2015 04:13:50 UTC] PHP   2. mysql_fetch_array() /home/ubuntu/workspace/works_1/create.php:30
[10-Sep-2015 04:15:58 UTC] PHP Warning:  mysql_fetch_array() expects parameter 1 to be resource, null given in /home/ubuntu/workspace/works_1/create.php on line 12
[10-Sep-2015 04:15:58 UTC] PHP Stack trace:
[10-Sep-2015 04:15:58 UTC] PHP   1. {main}() /home/ubuntu/workspace/works_1/create.php:0
[10-Sep-2015 04:15:58 UTC] PHP   2. mysql_fetch_array() /home/ubuntu/workspace/works_1/create.php:12
[10-Sep-2015 04:15:58 UTC] PHP Warning:  mysql_fetch_array() expects parameter 1 to be resource, null given in /home/ubuntu/workspace/works_1/create.php on line 30
[10-Sep-2015 04:15:58 UTC] PHP Stack trace:
[10-Sep-2015 04:15:58 UTC] PHP   1. {main}() /home/ubuntu/workspace/works_1/create.php:0
[10-Sep-2015 04:15:58 UTC] PHP   2. mysql_fetch_array() /home/ubuntu/workspace/works_1/create.php:30
[10-Sep-2015 07:40:55 UTC] PHP Warning:  Invalid argument supplied for foreach() in /home/ubuntu/workspace/works_1/delete.php on line 6
[10-Sep-2015 07:40:55 UTC] PHP Stack trace:
[10-Sep-2015 07:40:55 UTC] PHP   1. {main}() /home/ubuntu/workspace/works_1/delete.php:0
[10-Sep-2015 16:05:50 UTC] PHP Warning:  Invalid argument supplied for foreach() in /home/ubuntu/workspace/works_1/delete.php on line 9
[10-Sep-2015 16:05:50 UTC] PHP Stack trace:
[10-Sep-2015 16:05:50 UTC] PHP   1. {main}() /home/ubuntu/workspace/works_1/delete.php:0
[10-Sep-2015 16:05:50 UTC] PHP Warning:  Invalid argument supplied for foreach() in /home/ubuntu/workspace/works_1/delete.php on line 9
[10-Sep-2015 16:05:50 UTC] PHP Stack trace:
[10-Sep-2015 16:05:50 UTC] PHP   1. {main}() /home/ubuntu/workspace/works_1/delete.php:0
[10-Sep-2015 16:05:50 UTC] PHP Warning:  Invalid argument supplied for foreach() in /home/ubuntu/workspace/works_1/delete.php on line 9
[10-Sep-2015 16:05:50 UTC] PHP Stack trace:
[10-Sep-2015 16:05:50 UTC] PHP   1. {main}() /home/ubuntu/workspace/works_1/delete.php:0
[10-Sep-2015 16:05:51 UTC] PHP Warning:  Invalid argument supplied for foreach() in /home/ubuntu/workspace/works_1/delete.php on line 9
[10-Sep-2015 16:05:51 UTC] PHP Stack trace:
[10-Sep-2015 16:05:51 UTC] PHP   1. {main}() /home/ubuntu/workspace/works_1/delete.php:0
[11-Sep-2015 03:15:03 UTC] PHP Warning:  mysql_fetch_array() expects parameter 1 to be resource, boolean given in /home/ubuntu/workspace/works_1/modify.php on line 12
[11-Sep-2015 03:15:03 UTC] PHP Stack trace:
[11-Sep-2015 03:15:03 UTC] PHP   1. {main}() /home/ubuntu/workspace/works_1/modify.php:0
[11-Sep-2015 03:15:03 UTC] PHP   2. mysql_fetch_array() /home/ubuntu/workspace/works_1/modify.php:12
[11-Sep-2015 03:20:21 UTC] PHP Parse error:  syntax error, unexpected '' (T_ENCAPSED_AND_WHITESPACE), expecting identifier (T_STRING) or variable (T_VARIABLE) or number (T_NUM_STRING) in /home/ubuntu/workspace/works_1/modify.php on line 10
[11-Sep-2015 03:20:25 UTC] PHP Parse error:  syntax error, unexpected '' (T_ENCAPSED_AND_WHITESPACE), expecting identifier (T_STRING) or variable (T_VARIABLE) or number (T_NUM_STRING) in /home/ubuntu/workspace/works_1/modify.php on line 10
[11-Sep-2015 03:32:47 UTC] PHP Warning:  mysql_fetch_array() expects parameter 1 to be resource, boolean given in /home/ubuntu/workspace/works_1/modify.php on line 24
[11-Sep-2015 03:32:47 UTC] PHP Stack trace:
[11-Sep-2015 03:32:47 UTC] PHP   1. {main}() /home/ubuntu/workspace/works_1/modify.php:0
[11-Sep-2015 03:32:47 UTC] PHP   2. mysql_fetch_array() /home/ubuntu/workspace/works_1/modify.php:24
[11-Sep-2015 03:33:32 UTC] PHP Warning:  mysql_fetch_array() expects parameter 1 to be resource, boolean given in /home/ubuntu/workspace/works_1/modify.php on line 24
[11-Sep-2015 03:33:32 UTC] PHP Stack trace:
[11-Sep-2015 03:33:32 UTC] PHP   1. {main}() /home/ubuntu/workspace/works_1/modify.php:0
[11-Sep-2015 03:33:32 UTC] PHP   2. mysql_fetch_array() /home/ubuntu/workspace/works_1/modify.php:24
[11-Sep-2015 03:33:34 UTC] PHP Warning:  mysql_fetch_array() expects parameter 1 to be resource, boolean given in /home/ubuntu/workspace/works_1/modify.php on line 24
[11-Sep-2015 03:33:34 UTC] PHP Stack trace:
[11-Sep-2015 03:33:34 UTC] PHP   1. {main}() /home/ubuntu/workspace/works_1/modify.php:0
[11-Sep-2015 03:33:34 UTC] PHP   2. mysql_fetch_array() /home/ubuntu/workspace/works_1/modify.php:24
[11-Sep-2015 03:33:56 UTC] PHP Warning:  mysql_fetch_array() expects parameter 1 to be resource, boolean given in /home/ubuntu/workspace/works_1/modify.php on line 24
[11-Sep-2015 03:33:56 UTC] PHP Stack trace:
[11-Sep-2015 03:33:56 UTC] PHP   1. {main}() /home/ubuntu/workspace/works_1/modify.php:0
[11-Sep-2015 03:33:56 UTC] PHP   2. mysql_fetch_array() /home/ubuntu/workspace/works_1/modify.php:24
[11-Sep-2015 03:34:25 UTC] PHP Warning:  mysql_fetch_array() expects parameter 1 to be resource, boolean given in /home/ubuntu/workspace/works_1/modify.php on line 24
[11-Sep-2015 03:34:25 UTC] PHP Stack trace:
[11-Sep-2015 03:34:25 UTC] PHP   1. {main}() /home/ubuntu/workspace/works_1/modify.php:0
[11-Sep-2015 03:34:25 UTC] PHP   2. mysql_fetch_array() /home/ubuntu/workspace/works_1/modify.php:24
[11-Sep-2015 03:44:45 UTC] PHP Warning:  mysql_fetch_array() expects parameter 1 to be resource, boolean given in /home/ubuntu/workspace/works_1/modify.php on line 24
[11-Sep-2015 03:44:45 UTC] PHP Stack trace:
[11-Sep-2015 03:44:45 UTC] PHP   1. {main}() /home/ubuntu/workspace/works_1/modify.php:0
[11-Sep-2015 03:44:45 UTC] PHP   2. mysql_fetch_array() /home/ubuntu/workspace/works_1/modify.php:24
[11-Sep-2015 03:48:32 UTC] PHP Warning:  mysql_fetch_array() expects parameter 1 to be resource, boolean given in /home/ubuntu/workspace/works_1/modify.php on line 24
[11-Sep-2015 03:48:32 UTC] PHP Stack trace:
[11-Sep-2015 03:48:32 UTC] PHP   1. {main}() /home/ubuntu/workspace/works_1/modify.php:0
[11-Sep-2015 03:48:32 UTC] PHP   2. mysql_fetch_array() /home/ubuntu/workspace/works_1/modify.php:24
[11-Sep-2015 03:49:35 UTC] PHP Warning:  mysql_fetch_array() expects parameter 1 to be resource, boolean given in /home/ubuntu/workspace/works_1/modify.php on line 24
[11-Sep-2015 03:49:35 UTC] PHP Stack trace:
[11-Sep-2015 03:49:35 UTC] PHP   1. {main}() /home/ubuntu/workspace/works_1/modify.php:0
[11-Sep-2015 03:49:35 UTC] PHP   2. mysql_fetch_array() /home/ubuntu/workspace/works_1/modify.php:24
[11-Sep-2015 03:49:58 UTC] PHP Warning:  mysql_fetch_array() expects parameter 1 to be resource, boolean given in /home/ubuntu/workspace/works_1/modify.php on line 24
[11-Sep-2015 03:49:58 UTC] PHP Stack trace:
[11-Sep-2015 03:49:58 UTC] PHP   1. {main}() /home/ubuntu/workspace/works_1/modify.php:0
[11-Sep-2015 03:49:58 UTC] PHP   2. mysql_fetch_array() /home/ubuntu/workspace/works_1/modify.php:24
[11-Sep-2015 03:50:07 UTC] PHP Warning:  mysql_fetch_array() expects parameter 1 to be resource, boolean given in /home/ubuntu/workspace/works_1/modify.php on line 24
[11-Sep-2015 03:50:07 UTC] PHP Stack trace:
[11-Sep-2015 03:50:07 UTC] PHP   1. {main}() /home/ubuntu/workspace/works_1/modify.php:0
[11-Sep-2015 03:50:07 UTC] PHP   2. mysql_fetch_array() /home/ubuntu/workspace/works_1/modify.php:24
[11-Sep-2015 03:50:12 UTC] PHP Warning:  mysql_fetch_array() expects parameter 1 to be resource, boolean given in /home/ubuntu/workspace/works_1/modify.php on line 24
[11-Sep-2015 03:50:12 UTC] PHP Stack trace:
[11-Sep-2015 03:50:12 UTC] PHP   1. {main}() /home/ubuntu/workspace/works_1/modify.php:0
[11-Sep-2015 03:50:12 UTC] PHP   2. mysql_fetch_array() /home/ubuntu/workspace/works_1/modify.php:24
[11-Sep-2015 03:52:07 UTC] PHP Warning:  mysql_fetch_array() expects parameter 1 to be resource, boolean given in /home/ubuntu/workspace/works_1/modify.php on line 24
[11-Sep-2015 03:52:07 UTC] PHP Stack trace:
[11-Sep-2015 03:52:07 UTC] PHP   1. {main}() /home/ubuntu/workspace/works_1/modify.php:0
[11-Sep-2015 03:52:07 UTC] PHP   2. mysql_fetch_array() /home/ubuntu/workspace/works_1/modify.php:24
[11-Sep-2015 03:53:27 UTC] PHP Warning:  mysql_fetch_array() expects parameter 1 to be resource, boolean given in /home/ubuntu/workspace/works_1/modify.php on line 24
[11-Sep-2015 03:53:27 UTC] PHP Stack trace:
[11-Sep-2015 03:53:27 UTC] PHP   1. {main}() /home/ubuntu/workspace/works_1/modify.php:0
[11-Sep-2015 03:53:27 UTC] PHP   2. mysql_fetch_array() /home/ubuntu/workspace/works_1/modify.php:24
[11-Sep-2015 03:53:49 UTC] PHP Warning:  mysql_fetch_array() expects parameter 1 to be resource, boolean given in /home/ubuntu/workspace/works_1/modify.php on line 24
[11-Sep-2015 03:53:49 UTC] PHP Stack trace:
[11-Sep-2015 03:53:49 UTC] PHP   1. {main}() /home/ubuntu/workspace/works_1/modify.php:0
[11-Sep-2015 03:53:49 UTC] PHP   2. mysql_fetch_array() /home/ubuntu/workspace/works_1/modify.php:24
[12-Sep-2015 03:17:19 UTC] PHP Warning:  mysql_connect(): Access denied for user 'u0224083'@'localhost' (using password: NO) in /home/ubuntu/workspace/works_1/connection.php on line 7
[12-Sep-2015 03:17:19 UTC] PHP Stack trace:
[12-Sep-2015 03:17:19 UTC] PHP   1. {main}() /home/ubuntu/workspace/works_1/index.php:0
[12-Sep-2015 03:17:19 UTC] PHP   2. include() /home/ubuntu/workspace/works_1/index.php:20
[12-Sep-2015 03:17:19 UTC] PHP   3. mysql_connect() /home/ubuntu/workspace/works_1/connection.php:7
[12-Sep-2015 03:17:19 UTC] PHP Warning:  mysql_select_db(): Access denied for user ''@'localhost' (using password: NO) in /home/ubuntu/workspace/works_1/connection.php on line 8
[12-Sep-2015 03:17:19 UTC] PHP Stack trace:
[12-Sep-2015 03:17:19 UTC] PHP   1. {main}() /home/ubuntu/workspace/works_1/index.php:0
[12-Sep-2015 03:17:19 UTC] PHP   2. include() /home/ubuntu/workspace/works_1/index.php:20
[12-Sep-2015 03:17:19 UTC] PHP   3. mysql_select_db() /home/ubuntu/workspace/works_1/connection.php:8
[12-Sep-2015 03:17:19 UTC] PHP Warning:  mysql_select_db(): A link to the server could not be established in /home/ubuntu/workspace/works_1/connection.php on line 8
[12-Sep-2015 03:17:19 UTC] PHP Stack trace:
[12-Sep-2015 03:17:19 UTC] PHP   1. {main}() /home/ubuntu/workspace/works_1/index.php:0
[12-Sep-2015 03:17:19 UTC] PHP   2. include() /home/ubuntu/workspace/works_1/index.php:20
[12-Sep-2015 03:17:19 UTC] PHP   3. mysql_select_db() /home/ubuntu/workspace/works_1/connection.php:8
[12-Sep-2015 03:17:19 UTC] PHP Warning:  mysql_query(): Access denied for user ''@'localhost' (using password: NO) in /home/ubuntu/workspace/works_1/index.php on line 23
[12-Sep-2015 03:17:19 UTC] PHP Stack trace:
[12-Sep-2015 03:17:19 UTC] PHP   1. {main}() /home/ubuntu/workspace/works_1/index.php:0
[12-Sep-2015 03:17:19 UTC] PHP   2. mysql_query() /home/ubuntu/workspace/works_1/index.php:23
[12-Sep-2015 03:17:19 UTC] PHP Warning:  mysql_query(): A link to the server could not be established in /home/ubuntu/workspace/works_1/index.php on line 23
[12-Sep-2015 03:17:19 UTC] PHP Stack trace:
[12-Sep-2015 03:17:19 UTC] PHP   1. {main}() /home/ubuntu/workspace/works_1/index.php:0
[12-Sep-2015 03:17:19 UTC] PHP   2. mysql_query() /home/ubuntu/workspace/works_1/index.php:23
[12-Sep-2015 03:17:19 UTC] PHP Warning:  mysql_fetch_array() expects parameter 1 to be resource, boolean given in /home/ubuntu/workspace/works_1/index.php on line 52
[12-Sep-2015 03:17:19 UTC] PHP Stack trace:
[12-Sep-2015 03:17:19 UTC] PHP   1. {main}() /home/ubuntu/workspace/works_1/index.php:0
[12-Sep-2015 03:17:19 UTC] PHP   2. mysql_fetch_array() /home/ubuntu/workspace/works_1/index.php:52
[12-Sep-2015 03:17:32 UTC] PHP Warning:  mysql_connect(): Access denied for user 'u0224083'@'localhost' (using password: NO) in /home/ubuntu/workspace/works_1/connection.php on line 7
[12-Sep-2015 03:17:32 UTC] PHP Stack trace:
[12-Sep-2015 03:17:32 UTC] PHP   1. {main}() /home/ubuntu/workspace/works_1/index.php:0
[12-Sep-2015 03:17:32 UTC] PHP   2. include() /home/ubuntu/workspace/works_1/index.php:20
[12-Sep-2015 03:17:32 UTC] PHP   3. mysql_connect() /home/ubuntu/workspace/works_1/connection.php:7
[12-Sep-2015 03:17:32 UTC] PHP Warning:  mysql_select_db(): Access denied for user ''@'localhost' (using password: NO) in /home/ubuntu/workspace/works_1/connection.php on line 8
[12-Sep-2015 03:17:32 UTC] PHP Stack trace:
[12-Sep-2015 03:17:32 UTC] PHP   1. {main}() /home/ubuntu/workspace/works_1/index.php:0
[12-Sep-2015 03:17:32 UTC] PHP   2. include() /home/ubuntu/workspace/works_1/index.php:20
[12-Sep-2015 03:17:32 UTC] PHP   3. mysql_select_db() /home/ubuntu/workspace/works_1/connection.php:8
[12-Sep-2015 03:17:32 UTC] PHP Warning:  mysql_select_db(): A link to the server could not be established in /home/ubuntu/workspace/works_1/connection.php on line 8
[12-Sep-2015 03:17:32 UTC] PHP Stack trace:
[12-Sep-2015 03:17:32 UTC] PHP   1. {main}() /home/ubuntu/workspace/works_1/index.php:0
[12-Sep-2015 03:17:32 UTC] PHP   2. include() /home/ubuntu/workspace/works_1/index.php:20
[12-Sep-2015 03:17:32 UTC] PHP   3. mysql_select_db() /home/ubuntu/workspace/works_1/connection.php:8
[12-Sep-2015 03:17:32 UTC] PHP Warning:  mysql_query(): Access denied for user ''@'localhost' (using password: NO) in /home/ubuntu/workspace/works_1/index.php on line 23
[12-Sep-2015 03:17:32 UTC] PHP Stack trace:
[12-Sep-2015 03:17:32 UTC] PHP   1. {main}() /home/ubuntu/workspace/works_1/index.php:0
[12-Sep-2015 03:17:32 UTC] PHP   2. mysql_query() /home/ubuntu/workspace/works_1/index.php:23
[12-Sep-2015 03:17:32 UTC] PHP Warning:  mysql_query(): A link to the server could not be established in /home/ubuntu/workspace/works_1/index.php on line 23
[12-Sep-2015 03:17:32 UTC] PHP Stack trace:
[12-Sep-2015 03:17:32 UTC] PHP   1. {main}() /home/ubuntu/workspace/works_1/index.php:0
[12-Sep-2015 03:17:32 UTC] PHP   2. mysql_query() /home/ubuntu/workspace/works_1/index.php:23
[12-Sep-2015 03:17:32 UTC] PHP Warning:  mysql_fetch_array() expects parameter 1 to be resource, boolean given in /home/ubuntu/workspace/works_1/index.php on line 48
[12-Sep-2015 03:17:32 UTC] PHP Stack trace:
[12-Sep-2015 03:17:32 UTC] PHP   1. {main}() /home/ubuntu/workspace/works_1/index.php:0
[12-Sep-2015 03:17:32 UTC] PHP   2. mysql_fetch_array() /home/ubuntu/workspace/works_1/index.php:48
[12-Sep-2015 03:56:00 UTC] PHP Warning:  mysql_fetch_array() expects parameter 1 to be resource, boolean given in /home/ubuntu/workspace/works_1/login.php on line 43
[12-Sep-2015 03:56:00 UTC] PHP Stack trace:
[12-Sep-2015 03:56:00 UTC] PHP   1. {main}() /home/ubuntu/workspace/works_1/login.php:0
[12-Sep-2015 03:56:00 UTC] PHP   2. mysql_fetch_array() /home/ubuntu/workspace/works_1/login.php:43
[12-Sep-2015 03:56:06 UTC] PHP Warning:  mysql_fetch_array() expects parameter 1 to be resource, boolean given in /home/ubuntu/workspace/works_1/login.php on line 43
[12-Sep-2015 03:56:06 UTC] PHP Stack trace:
[12-Sep-2015 03:56:06 UTC] PHP   1. {main}() /home/ubuntu/workspace/works_1/login.php:0
[12-Sep-2015 03:56:06 UTC] PHP   2. mysql_fetch_array() /home/ubuntu/workspace/works_1/login.php:43
[12-Sep-2015 03:58:17 UTC] PHP Warning:  mysql_fetch_array() expects parameter 1 to be resource, null given in /home/ubuntu/workspace/works_1/login.php on line 43
[12-Sep-2015 03:58:17 UTC] PHP Stack trace:
[12-Sep-2015 03:58:17 UTC] PHP   1. {main}() /home/ubuntu/workspace/works_1/login.php:0
[12-Sep-2015 03:58:17 UTC] PHP   2. mysql_fetch_array() /home/ubuntu/workspace/works_1/login.php:43
[13-Sep-2015 03:46:01 UTC] PHP Parse error:  syntax error, unexpected '}', expecting ',' or ';' in /home/ubuntu/workspace/works_1/register.php on line 90
[13-Sep-2015 09:12:42 UTC] PHP Parse error:  syntax error, unexpected end of file in /home/ubuntu/workspace/works_1/register.php on line 104
[14-Sep-2015 06:10:18 UTC] PHP Warning:  mysql_fetch_array() expects parameter 1 to be resource, boolean given in /home/ubuntu/workspace/works_1/modify.php on line 24
[14-Sep-2015 06:10:18 UTC] PHP Stack trace:
[14-Sep-2015 06:10:18 UTC] PHP   1. {main}() /home/ubuntu/workspace/works_1/modify.php:0
[14-Sep-2015 06:10:18 UTC] PHP   2. mysql_fetch_array() /home/ubuntu/workspace/works_1/modify.php:24
[14-Sep-2015 06:12:40 UTC] PHP Parse error:  syntax error, unexpected '?>' in /home/ubuntu/workspace/works_1/modify.php on line 3
[14-Sep-2015 06:15:04 UTC] PHP Warning:  mysql_fetch_array() expects parameter 1 to be resource, boolean given in /home/ubuntu/workspace/works_1/modify.php on line 26
[14-Sep-2015 06:15:04 UTC] PHP Stack trace:
[14-Sep-2015 06:15:04 UTC] PHP   1. {main}() /home/ubuntu/workspace/works_1/modify.php:0
[14-Sep-2015 06:15:04 UTC] PHP   2. mysql_fetch_array() /home/ubuntu/workspace/works_1/modify.php:26
[14-Sep-2015 06:16:18 UTC] PHP Warning:  mysql_fetch_array() expects parameter 1 to be resource, boolean given in /home/ubuntu/workspace/works_1/modify.php on line 26
[14-Sep-2015 06:16:18 UTC] PHP Stack trace:
[14-Sep-2015 06:16:18 UTC] PHP   1. {main}() /home/ubuntu/workspace/works_1/modify.php:0
[14-Sep-2015 06:16:18 UTC] PHP   2. mysql_fetch_array() /home/ubuntu/workspace/works_1/modify.php:26
[14-Sep-2015 06:19:14 UTC] PHP Warning:  mysql_num_rows() expects parameter 1 to be resource, boolean given in /home/ubuntu/workspace/works_1/modify.php on line 26
[14-Sep-2015 06:19:14 UTC] PHP Stack trace:
[14-Sep-2015 06:19:14 UTC] PHP   1. {main}() /home/ubuntu/workspace/works_1/modify.php:0
[14-Sep-2015 06:19:14 UTC] PHP   2. mysql_num_rows() /home/ubuntu/workspace/works_1/modify.php:26
[14-Sep-2015 06:19:14 UTC] PHP Warning:  mysql_fetch_array() expects parameter 1 to be resource, boolean given in /home/ubuntu/workspace/works_1/modify.php on line 28
[14-Sep-2015 06:19:14 UTC] PHP Stack trace:
[14-Sep-2015 06:19:14 UTC] PHP   1. {main}() /home/ubuntu/workspace/works_1/modify.php:0
[14-Sep-2015 06:19:14 UTC] PHP   2. mysql_fetch_array() /home/ubuntu/workspace/works_1/modify.php:28
[14-Sep-2015 06:21:10 UTC] PHP Warning:  mysql_num_rows() expects parameter 1 to be resource, boolean given in /home/ubuntu/workspace/works_1/modify.php on line 26
[14-Sep-2015 06:21:10 UTC] PHP Stack trace:
[14-Sep-2015 06:21:10 UTC] PHP   1. {main}() /home/ubuntu/workspace/works_1/modify.php:0
[14-Sep-2015 06:21:10 UTC] PHP   2. mysql_num_rows() /home/ubuntu/workspace/works_1/modify.php:26
[14-Sep-2015 06:21:44 UTC] PHP Warning:  mysql_num_rows() expects parameter 1 to be resource, boolean given in /home/ubuntu/workspace/works_1/modify.php on line 26
[14-Sep-2015 06:21:44 UTC] PHP Stack trace:
[14-Sep-2015 06:21:44 UTC] PHP   1. {main}() /home/ubuntu/workspace/works_1/modify.php:0
[14-Sep-2015 06:21:44 UTC] PHP   2. mysql_num_rows() /home/ubuntu/workspace/works_1/modify.php:26
[16-Sep-2015 02:54:37 UTC] PHP Fatal error:  Function name must be a string in /home/ubuntu/workspace/works_1/index.php on line 9
[16-Sep-2015 02:54:37 UTC] PHP Stack trace:
[16-Sep-2015 02:54:37 UTC] PHP   1. {main}() /home/ubuntu/workspace/works_1/index.php:0
[16-Sep-2015 03:09:14 UTC] PHP Fatal error:  Function name must be a string in /home/ubuntu/workspace/works_1/index.php on line 9
[16-Sep-2015 03:09:14 UTC] PHP Stack trace:
[16-Sep-2015 03:09:14 UTC] PHP   1. {main}() /home/ubuntu/workspace/works_1/index.php:0
[16-Sep-2015 03:09:39 UTC] PHP Fatal error:  Function name must be a string in /home/ubuntu/workspace/works_1/index.php on line 12
[16-Sep-2015 03:09:39 UTC] PHP Stack trace:
[16-Sep-2015 03:09:39 UTC] PHP   1. {main}() /home/ubuntu/workspace/works_1/index.php:0
[16-Sep-2015 03:58:25 UTC] PHP Fatal error:  Function name must be a string in /home/ubuntu/workspace/works_1/index.php on line 12
[16-Sep-2015 03:58:25 UTC] PHP Stack trace:
[16-Sep-2015 03:58:25 UTC] PHP   1. {main}() /home/ubuntu/workspace/works_1/index.php:0
[16-Sep-2015 03:59:05 UTC] PHP Fatal error:  Function name must be a string in /home/ubuntu/workspace/works_1/index.php on line 12
[16-Sep-2015 03:59:05 UTC] PHP Stack trace:
[16-Sep-2015 03:59:05 UTC] PHP   1. {main}() /home/ubuntu/workspace/works_1/index.php:0
[16-Sep-2015 03:59:14 UTC] PHP Fatal error:  Function name must be a string in /home/ubuntu/workspace/works_1/index.php on line 12
[16-Sep-2015 03:59:14 UTC] PHP Stack trace:
[16-Sep-2015 03:59:14 UTC] PHP   1. {main}() /home/ubuntu/workspace/works_1/index.php:0
[16-Sep-2015 03:59:43 UTC] PHP Fatal error:  Function name must be a string in /home/ubuntu/workspace/works_1/index.php on line 12
[16-Sep-2015 03:59:43 UTC] PHP Stack trace:
[16-Sep-2015 03:59:43 UTC] PHP   1. {main}() /home/ubuntu/workspace/works_1/index.php:0
[16-Sep-2015 06:32:20 UTC] PHP Fatal error:  Function name must be a string in /home/ubuntu/workspace/works_1/index.php on line 12
[16-Sep-2015 06:32:20 UTC] PHP Stack trace:
[16-Sep-2015 06:32:20 UTC] PHP   1. {main}() /home/ubuntu/workspace/works_1/index.php:0
[16-Sep-2015 06:32:30 UTC] PHP Fatal error:  Function name must be a string in /home/ubuntu/workspace/works_1/index.php on line 12
[16-Sep-2015 06:32:30 UTC] PHP Stack trace:
[16-Sep-2015 06:32:30 UTC] PHP   1. {main}() /home/ubuntu/workspace/works_1/index.php:0
[16-Sep-2015 06:34:03 UTC] PHP Fatal error:  Function name must be a string in /home/ubuntu/workspace/works_1/index.php on line 9
[16-Sep-2015 06:34:03 UTC] PHP Stack trace:
[16-Sep-2015 06:34:03 UTC] PHP   1. {main}() /home/ubuntu/workspace/works_1/index.php:0
[16-Sep-2015 06:34:51 UTC] PHP Fatal error:  Function name must be a string in /home/ubuntu/workspace/works_1/index.php on line 9
[16-Sep-2015 06:34:51 UTC] PHP Stack trace:
[16-Sep-2015 06:34:51 UTC] PHP   1. {main}() /home/ubuntu/workspace/works_1/index.php:0
[28-Sep-2015 07:24:16 UTC] PHP Fatal error:  Call to undefined function get_option() in /home/ubuntu/workspace/JSON_Training/index.php on line 10
[28-Sep-2015 07:24:16 UTC] PHP Stack trace:
[28-Sep-2015 07:24:16 UTC] PHP   1. {main}() /home/ubuntu/workspace/JSON_Training/index.php:0
[28-Sep-2015 07:39:54 UTC] PHP Warning:  urlencode() expects parameter 1 to be string, array given in /home/ubuntu/workspace/JSON_Training/user.php on line 12
[28-Sep-2015 07:39:54 UTC] PHP Stack trace:
[28-Sep-2015 07:39:54 UTC] PHP   1. {main}() /home/ubuntu/workspace/JSON_Training/user.php:0
[28-Sep-2015 07:39:54 UTC] PHP   2. urlencode() /home/ubuntu/workspace/JSON_Training/user.php:12
[28-Sep-2015 07:41:41 UTC] PHP Warning:  urlencode() expects parameter 1 to be string, array given in /home/ubuntu/workspace/JSON_Training/user.php on line 13
[28-Sep-2015 07:41:41 UTC] PHP Stack trace:
[28-Sep-2015 07:41:41 UTC] PHP   1. {main}() /home/ubuntu/workspace/JSON_Training/user.php:0
[28-Sep-2015 07:41:41 UTC] PHP   2. urlencode() /home/ubuntu/workspace/JSON_Training/user.php:13
[28-Sep-2015 07:41:58 UTC] PHP Warning:  urlencode() expects parameter 1 to be string, array given in /home/ubuntu/workspace/JSON_Training/user.php on line 13
[28-Sep-2015 07:41:58 UTC] PHP Stack trace:
[28-Sep-2015 07:41:58 UTC] PHP   1. {main}() /home/ubuntu/workspace/JSON_Training/user.php:0
[28-Sep-2015 07:41:58 UTC] PHP   2. urlencode() /home/ubuntu/workspace/JSON_Training/user.php:13
[28-Sep-2015 07:42:15 UTC] PHP Warning:  urlencode() expects parameter 1 to be string, array given in /home/ubuntu/workspace/JSON_Training/user.php on line 13
[28-Sep-2015 07:42:15 UTC] PHP Stack trace:
[28-Sep-2015 07:42:15 UTC] PHP   1. {main}() /home/ubuntu/workspace/JSON_Training/user.php:0
[28-Sep-2015 07:42:15 UTC] PHP   2. urlencode() /home/ubuntu/workspace/JSON_Training/user.php:13
[28-Sep-2015 07:42:26 UTC] PHP Warning:  urlencode() expects parameter 1 to be string, array given in /home/ubuntu/workspace/JSON_Training/user.php on line 13
[28-Sep-2015 07:42:26 UTC] PHP Stack trace:
[28-Sep-2015 07:42:26 UTC] PHP   1. {main}() /home/ubuntu/workspace/JSON_Training/user.php:0
[28-Sep-2015 07:42:26 UTC] PHP   2. urlencode() /home/ubuntu/workspace/JSON_Training/user.php:13
[28-Sep-2015 07:44:29 UTC] PHP Warning:  json_decode() expects parameter 1 to be string, array given in /home/ubuntu/workspace/JSON_Training/user.php on line 13
[28-Sep-2015 07:44:29 UTC] PHP Stack trace:
[28-Sep-2015 07:44:29 UTC] PHP   1. {main}() /home/ubuntu/workspace/JSON_Training/user.php:0
[28-Sep-2015 07:44:29 UTC] PHP   2. json_decode() /home/ubuntu/workspace/JSON_Training/user.php:13
[28-Sep-2015 07:46:17 UTC] PHP Warning:  urlencode() expects parameter 1 to be string, array given in /home/ubuntu/workspace/JSON_Training/user.php on line 13
[28-Sep-2015 07:46:17 UTC] PHP Stack trace:
[28-Sep-2015 07:46:17 UTC] PHP   1. {main}() /home/ubuntu/workspace/JSON_Training/user.php:0
[28-Sep-2015 07:46:17 UTC] PHP   2. urlencode() /home/ubuntu/workspace/JSON_Training/user.php:13
[28-Sep-2015 07:46:27 UTC] PHP Warning:  urlencode() expects parameter 1 to be string, array given in /home/ubuntu/workspace/JSON_Training/user.php on line 13
[28-Sep-2015 07:46:27 UTC] PHP Stack trace:
[28-Sep-2015 07:46:27 UTC] PHP   1. {main}() /home/ubuntu/workspace/JSON_Training/user.php:0
[28-Sep-2015 07:46:27 UTC] PHP   2. urlencode() /home/ubuntu/workspace/JSON_Training/user.php:13
[28-Sep-2015 07:54:39 UTC] PHP Warning:  urlencode() expects parameter 1 to be string, array given in /home/ubuntu/workspace/JSON_Training/user.php on line 13
[28-Sep-2015 07:54:39 UTC] PHP Stack trace:
[28-Sep-2015 07:54:39 UTC] PHP   1. {main}() /home/ubuntu/workspace/JSON_Training/user.php:0
[28-Sep-2015 07:54:39 UTC] PHP   2. urlencode() /home/ubuntu/workspace/JSON_Training/user.php:13
[18-Apr-2016 04:44:48 UTC] PHP Warning:  mysql_num_rows() expects parameter 1 to be resource, boolean given in /home/ubuntu/workspace/works_1/login.php on line 46
[18-Apr-2016 04:44:48 UTC] PHP Stack trace:
[18-Apr-2016 04:44:48 UTC] PHP   1. {main}() /home/ubuntu/workspace/works_1/login.php:0
[18-Apr-2016 04:44:48 UTC] PHP   2. mysql_num_rows(*uninitialized*) /home/ubuntu/workspace/works_1/login.php:46
