[29-Sep-2015 09:32:27 UTC] PHP Warning:  mysqli_fetch_array() expects parameter 1 to be mysqli_result, boolean given in /home/ubuntu/workspace/Ajax-Training/Training_7/getuser.php on line 36
[29-Sep-2015 09:32:27 UTC] PHP Stack trace:
[29-Sep-2015 09:32:27 UTC] PHP   1. {main}() /home/ubuntu/workspace/Ajax-Training/Training_7/getuser.php:0
[29-Sep-2015 09:32:27 UTC] PHP   2. mysqli_fetch_array() /home/ubuntu/workspace/Ajax-Training/Training_7/getuser.php:36
[29-Sep-2015 09:33:36 UTC] PHP Warning:  mysqli_fetch_array() expects parameter 1 to be mysqli_result, boolean given in /home/ubuntu/workspace/Ajax-Training/Training_7/getuser.php on line 36
[29-Sep-2015 09:33:36 UTC] PHP Stack trace:
[29-Sep-2015 09:33:36 UTC] PHP   1. {main}() /home/ubuntu/workspace/Ajax-Training/Training_7/getuser.php:0
[29-Sep-2015 09:33:36 UTC] PHP   2. mysqli_fetch_array() /home/ubuntu/workspace/Ajax-Training/Training_7/getuser.php:36
[29-Sep-2015 09:34:36 UTC] PHP Warning:  mysqli_fetch_array() expects parameter 1 to be mysqli_result, boolean given in /home/ubuntu/workspace/Ajax-Training/Training_7/getuser.php on line 36
[29-Sep-2015 09:34:36 UTC] PHP Stack trace:
[29-Sep-2015 09:34:36 UTC] PHP   1. {main}() /home/ubuntu/workspace/Ajax-Training/Training_7/getuser.php:0
[29-Sep-2015 09:34:36 UTC] PHP   2. mysqli_fetch_array() /home/ubuntu/workspace/Ajax-Training/Training_7/getuser.php:36
[29-Sep-2015 09:35:12 UTC] PHP Warning:  mysqli_fetch_array() expects parameter 1 to be mysqli_result, resource given in /home/ubuntu/workspace/Ajax-Training/Training_7/getuser.php on line 36
[29-Sep-2015 09:35:12 UTC] PHP Stack trace:
[29-Sep-2015 09:35:12 UTC] PHP   1. {main}() /home/ubuntu/workspace/Ajax-Training/Training_7/getuser.php:0
[29-Sep-2015 09:35:12 UTC] PHP   2. mysqli_fetch_array() /home/ubuntu/workspace/Ajax-Training/Training_7/getuser.php:36
[29-Sep-2015 09:37:00 UTC] PHP Warning:  mysqli_fetch_array() expects parameter 1 to be mysqli_result, boolean given in /home/ubuntu/workspace/Ajax-Training/Training_7/getuser.php on line 36
[29-Sep-2015 09:37:00 UTC] PHP Stack trace:
[29-Sep-2015 09:37:00 UTC] PHP   1. {main}() /home/ubuntu/workspace/Ajax-Training/Training_7/getuser.php:0
[29-Sep-2015 09:37:00 UTC] PHP   2. mysqli_fetch_array() /home/ubuntu/workspace/Ajax-Training/Training_7/getuser.php:36
[29-Sep-2015 09:37:04 UTC] PHP Warning:  mysqli_fetch_array() expects parameter 1 to be mysqli_result, boolean given in /home/ubuntu/workspace/Ajax-Training/Training_7/getuser.php on line 36
[29-Sep-2015 09:37:04 UTC] PHP Stack trace:
[29-Sep-2015 09:37:04 UTC] PHP   1. {main}() /home/ubuntu/workspace/Ajax-Training/Training_7/getuser.php:0
[29-Sep-2015 09:37:04 UTC] PHP   2. mysqli_fetch_array() /home/ubuntu/workspace/Ajax-Training/Training_7/getuser.php:36
[29-Sep-2015 09:37:06 UTC] PHP Warning:  mysqli_fetch_array() expects parameter 1 to be mysqli_result, boolean given in /home/ubuntu/workspace/Ajax-Training/Training_7/getuser.php on line 36
[29-Sep-2015 09:37:06 UTC] PHP Stack trace:
[29-Sep-2015 09:37:06 UTC] PHP   1. {main}() /home/ubuntu/workspace/Ajax-Training/Training_7/getuser.php:0
[29-Sep-2015 09:37:06 UTC] PHP   2. mysqli_fetch_array() /home/ubuntu/workspace/Ajax-Training/Training_7/getuser.php:36
[29-Sep-2015 09:37:08 UTC] PHP Warning:  mysqli_fetch_array() expects parameter 1 to be mysqli_result, boolean given in /home/ubuntu/workspace/Ajax-Training/Training_7/getuser.php on line 36
[29-Sep-2015 09:37:08 UTC] PHP Stack trace:
[29-Sep-2015 09:37:08 UTC] PHP   1. {main}() /home/ubuntu/workspace/Ajax-Training/Training_7/getuser.php:0
[29-Sep-2015 09:37:08 UTC] PHP   2. mysqli_fetch_array() /home/ubuntu/workspace/Ajax-Training/Training_7/getuser.php:36
[29-Sep-2015 09:47:57 UTC] PHP Warning:  mysqli_fetch_array() expects parameter 1 to be mysqli_result, boolean given in /home/ubuntu/workspace/Ajax-Training/Training_7/getuser.php on line 36
[29-Sep-2015 09:47:57 UTC] PHP Stack trace:
[29-Sep-2015 09:47:57 UTC] PHP   1. {main}() /home/ubuntu/workspace/Ajax-Training/Training_7/getuser.php:0
[29-Sep-2015 09:47:57 UTC] PHP   2. mysqli_fetch_array() /home/ubuntu/workspace/Ajax-Training/Training_7/getuser.php:36
[29-Sep-2015 09:48:01 UTC] PHP Warning:  mysqli_fetch_array() expects parameter 1 to be mysqli_result, boolean given in /home/ubuntu/workspace/Ajax-Training/Training_7/getuser.php on line 36
[29-Sep-2015 09:48:01 UTC] PHP Stack trace:
[29-Sep-2015 09:48:01 UTC] PHP   1. {main}() /home/ubuntu/workspace/Ajax-Training/Training_7/getuser.php:0
[29-Sep-2015 09:48:01 UTC] PHP   2. mysqli_fetch_array() /home/ubuntu/workspace/Ajax-Training/Training_7/getuser.php:36
